%!Adobe-FontList 1.14
%Locale:0x407

%BeginFont
Handler:WinTTHandler
FontType:TrueType
FontName:Marlett
FamilyName:Marlett
StyleName:Regular
MenuName:Marlett
StyleBits:0
WeightClass:500
WidthClass:5
AngleClass:0
FullName:Marlett
WritingScript:Roman
WinName:Marlett
FileLength:27724
%EndFont

%BeginFont
Handler:WinTTHandler
FontType:TrueType
FontName:ArialMT
FamilyName:Arial
StyleName:Regular
MenuName:Arial
StyleBits:0
WeightClass:400
WidthClass:5
AngleClass:0
FullName:Arial
WritingScript:Roman
WinName:Arial
FileLength:1036584
%EndFont

%BeginFont
Handler:WinTTHandler
FontType:TrueType
FontName:Arial-BoldMT
FamilyName:Arial
StyleName:Bold
MenuName:Arial
StyleBits:2
WeightClass:700
WidthClass:5
AngleClass:0
FullName:Arial Bold
WritingScript:Roman
WinName:Arial Fett
FileLength:980756
%EndFont

%BeginFont
Handler:WinTTHandler
FontType:TrueType
FontName:Arial-BoldItalicMT
FamilyName:Arial
StyleName:Bold Italic
MenuName:Arial
StyleBits:3
WeightClass:700
WidthClass:5
AngleClass:1
FullName:Arial Bold Italic
WritingScript:Roman
WinName:Arial Fett Kursiv
FileLength:721144
%EndFont

%BeginFont
Handler:WinTTHandler
FontType:TrueType
FontName:Arial-ItalicMT
FamilyName:Arial
StyleName:Italic
MenuName:Arial
StyleBits:1
WeightClass:400
WidthClass:5
AngleClass:1
FullName:Arial Italic
WritingScript:Roman
WinName:Arial Kursiv
FileLength:717428
%EndFont

%BeginFont
Handler:WinTTHandler
FontType:TrueType
FontName:Arial-Black
FamilyName:Arial
StyleName:Black
MenuName:Arial Black
StyleBits:0
WeightClass:900
WidthClass:5
AngleClass:0
FullName:Arial Black
WritingScript:Roman
WinName:Arial Black Standard
FileLength:167592
%EndFont

%BeginFont
Handler:WinTTHandler
FontType:TrueType
FontName:Bahnschrift
FamilyName:Bahnschrift
StyleName:Regular
MenuName:Bahnschrift
StyleBits:0
WeightClass:400
WidthClass:5
AngleClass:0
FullName:Bahnschrift
WritingScript:Roman
WinName:Bahnschrift Light
FileLength:361564
%EndFont

%BeginFont
Handler:WinTTHandler
FontType:TrueType
FontName:Bahnschrift
FamilyName:Bahnschrift
StyleName:Regular
MenuName:Bahnschrift
StyleBits:0
WeightClass:400
WidthClass:5
AngleClass:0
FullName:Bahnschrift
WritingScript:Roman
WinName:Bahnschrift SemiLight
FileLength:361564
%EndFont

%BeginFont
Handler:WinTTHandler
FontType:TrueType
FontName:Bahnschrift
FamilyName:Bahnschrift
StyleName:Regular
MenuName:Bahnschrift
StyleBits:0
WeightClass:400
WidthClass:5
AngleClass:0
FullName:Bahnschrift
WritingScript:Roman
WinName:Bahnschrift Regular
FileLength:371380
%EndFont

%BeginFont
Handler:WinTTHandler
FontType:TrueType
FontName:Bahnschrift
FamilyName:Bahnschrift
StyleName:Regular
MenuName:Bahnschrift
StyleBits:0
WeightClass:400
WidthClass:5
AngleClass:0
FullName:Bahnschrift
WritingScript:Roman
WinName:Bahnschrift Bold
FileLength:371380
%EndFont

%BeginFont
Handler:WinTTHandler
FontType:TrueType
FontName:Bahnschrift
FamilyName:Bahnschrift
StyleName:Regular
MenuName:Bahnschrift
StyleBits:0
WeightClass:400
WidthClass:5
AngleClass:0
FullName:Bahnschrift
WritingScript:Roman
WinName:Bahnschrift SemiBold
FileLength:361564
%EndFont

%BeginFont
Handler:WinTTHandler
FontType:TrueType
FontName:Bahnschrift
FamilyName:Bahnschrift
StyleName:Regular
MenuName:Bahnschrift
StyleBits:0
WeightClass:400
WidthClass:5
AngleClass:0
FullName:Bahnschrift
WritingScript:Roman
WinName:Bahnschrift Light SemiCondensed
FileLength:361564
%EndFont

%BeginFont
Handler:WinTTHandler
FontType:TrueType
FontName:Bahnschrift
FamilyName:Bahnschrift
StyleName:Regular
MenuName:Bahnschrift
StyleBits:0
WeightClass:400
WidthClass:5
AngleClass:0
FullName:Bahnschrift
WritingScript:Roman
WinName:Bahnschrift SemiLight SemiCondensed
FileLength:361564
%EndFont

%BeginFont
Handler:WinTTHandler
FontType:TrueType
FontName:Bahnschrift
FamilyName:Bahnschrift
StyleName:Regular
MenuName:Bahnschrift
StyleBits:0
WeightClass:400
WidthClass:5
AngleClass:0
FullName:Bahnschrift
WritingScript:Roman
WinName:Bahnschrift SemiCondensed
FileLength:361564
%EndFont

%BeginFont
Handler:WinTTHandler
FontType:TrueType
FontName:Bahnschrift
FamilyName:Bahnschrift
StyleName:Regular
MenuName:Bahnschrift
StyleBits:0
WeightClass:400
WidthClass:5
AngleClass:0
FullName:Bahnschrift
WritingScript:Roman
WinName:Bahnschrift Bold SemiCondensed
FileLength:361564
%EndFont

%BeginFont
Handler:WinTTHandler
FontType:TrueType
FontName:Bahnschrift
FamilyName:Bahnschrift
StyleName:Regular
MenuName:Bahnschrift
StyleBits:0
WeightClass:400
WidthClass:5
AngleClass:0
FullName:Bahnschrift
WritingScript:Roman
WinName:Bahnschrift SemiBold SemiCondensed
FileLength:361564
%EndFont

%BeginFont
Handler:WinTTHandler
FontType:TrueType
FontName:Bahnschrift
FamilyName:Bahnschrift
StyleName:Regular
MenuName:Bahnschrift
StyleBits:0
WeightClass:400
WidthClass:5
AngleClass:0
FullName:Bahnschrift
WritingScript:Roman
WinName:Bahnschrift Light Condensed
FileLength:361564
%EndFont

%BeginFont
Handler:WinTTHandler
FontType:TrueType
FontName:Bahnschrift
FamilyName:Bahnschrift
StyleName:Regular
MenuName:Bahnschrift
StyleBits:0
WeightClass:400
WidthClass:5
AngleClass:0
FullName:Bahnschrift
WritingScript:Roman
WinName:Bahnschrift SemiLight Condensed
FileLength:361564
%EndFont

%BeginFont
Handler:WinTTHandler
FontType:TrueType
FontName:Bahnschrift
FamilyName:Bahnschrift
StyleName:Regular
MenuName:Bahnschrift
StyleBits:0
WeightClass:400
WidthClass:5
AngleClass:0
FullName:Bahnschrift
WritingScript:Roman
WinName:Bahnschrift Condensed
FileLength:361564
%EndFont

%BeginFont
Handler:WinTTHandler
FontType:TrueType
FontName:Bahnschrift
FamilyName:Bahnschrift
StyleName:Regular
MenuName:Bahnschrift
StyleBits:0
WeightClass:400
WidthClass:5
AngleClass:0
FullName:Bahnschrift
WritingScript:Roman
WinName:Bahnschrift Bold Condensed
FileLength:361564
%EndFont

%BeginFont
Handler:WinTTHandler
FontType:TrueType
FontName:Bahnschrift
FamilyName:Bahnschrift
StyleName:Regular
MenuName:Bahnschrift
StyleBits:0
WeightClass:400
WidthClass:5
AngleClass:0
FullName:Bahnschrift
WritingScript:Roman
WinName:Bahnschrift SemiBold Condensed
FileLength:361564
%EndFont

%BeginFont
Handler:WinTTHandler
FontType:TrueType
FontName:Calibri
FamilyName:Calibri
StyleName:Regular
MenuName:Calibri
StyleBits:0
WeightClass:400
WidthClass:5
AngleClass:0
FullName:Calibri
FamilyNameNative:Calibri
StyleNameNative:Regular
FullNameNative:Calibri Regular
WritingScript:Hebrew
WinName:Calibri
FileLength:1648120
%EndFont

%BeginFont
Handler:WinTTHandler
FontType:TrueType
FontName:Calibri-Bold
FamilyName:Calibri
StyleName:Bold
MenuName:Calibri
StyleBits:2
WeightClass:700
WidthClass:5
AngleClass:0
FullName:Calibri Bold
FamilyNameNative:Calibri
StyleNameNative:Bold
FullNameNative:Calibri Bold
WritingScript:Hebrew
WinName:Calibri Bold
FileLength:1613668
%EndFont

%BeginFont
Handler:WinTTHandler
FontType:TrueType
FontName:Calibri-BoldItalic
FamilyName:Calibri
StyleName:Bold Italic
MenuName:Calibri
StyleBits:3
WeightClass:700
WidthClass:5
AngleClass:1
FullName:Calibri Bold Italic
FamilyNameNative:Calibri
StyleNameNative:Bold Italic
FullNameNative:Calibri Bold Italic
WritingScript:Hebrew
WinName:Calibri Bold Italic
FileLength:1159032
%EndFont

%BeginFont
Handler:WinTTHandler
FontType:TrueType
FontName:Calibri-Italic
FamilyName:Calibri
StyleName:Italic
MenuName:Calibri
StyleBits:1
WeightClass:400
WidthClass:5
AngleClass:1
FullName:Calibri Italic
FamilyNameNative:Calibri
StyleNameNative:Italic
FullNameNative:Calibri Italic
WritingScript:Hebrew
WinName:Calibri Italic
FileLength:1196672
%EndFont

%BeginFont
Handler:WinTTHandler
FontType:TrueType
FontName:Calibri-Light
FamilyName:Calibri
StyleName:Light
MenuName:Calibri Light
StyleBits:0
WeightClass:300
WidthClass:5
AngleClass:0
FullName:Calibri Light
FamilyNameNative:Calibri Light
StyleNameNative:Light
FullNameNative:Calibri Light Light
WritingScript:Hebrew
WinName:Calibri Light
FileLength:1438808
%EndFont

%BeginFont
Handler:WinTTHandler
FontType:TrueType
FontName:Calibri-LightItalic
FamilyName:Calibri
StyleName:Light Italic
MenuName:Calibri Light
StyleBits:1
WeightClass:300
WidthClass:5
AngleClass:1
FullName:Calibri Light Italic
FamilyNameNative:Calibri Light
StyleNameNative:Light Italic
FullNameNative:Calibri Light Light Italic
WritingScript:Hebrew
WinName:Calibri Light Italic
FileLength:1061248
%EndFont

%BeginFont
Handler:WinTTHandler
FontType:TrueType
FontName:Cambria
FamilyName:Cambria
StyleName:Regular
MenuName:Cambria
StyleBits:0
WeightClass:400
WidthClass:5
AngleClass:0
FullName:Cambria
WritingScript:Roman
WinName:Cambria
FileLength:1792664
%EndFont

%BeginFont
Handler:WinTTHandler
FontType:TrueType
FontName:Cambria-Bold
FamilyName:Cambria
StyleName:Bold
MenuName:Cambria
StyleBits:2
WeightClass:700
WidthClass:5
AngleClass:0
FullName:Cambria Bold
WritingScript:Roman
WinName:Cambria Bold
FileLength:841440
%EndFont

%BeginFont
Handler:WinTTHandler
FontType:TrueType
FontName:Cambria-BoldItalic
FamilyName:Cambria
StyleName:Bold Italic
MenuName:Cambria
StyleBits:3
WeightClass:700
WidthClass:5
AngleClass:1
FullName:Cambria Bold Italic
WritingScript:Roman
WinName:Cambria Bold Italic
FileLength:856672
%EndFont

%BeginFont
Handler:WinTTHandler
FontType:TrueType
FontName:Cambria-Italic
FamilyName:Cambria
StyleName:Italic
MenuName:Cambria
StyleBits:1
WeightClass:400
WidthClass:5
AngleClass:1
FullName:Cambria Italic
WritingScript:Roman
WinName:Cambria Italic
FileLength:892620
%EndFont

%BeginFont
Handler:WinTTHandler
FontType:TrueType
FontName:CambriaMath
FamilyName:Cambria Math
StyleName:Regular
MenuName:Cambria Math
StyleBits:0
WeightClass:400
WidthClass:5
AngleClass:0
FullName:Cambria Math
WritingScript:Roman
WinName:Cambria Math
FileLength:1792664
%EndFont

%BeginFont
Handler:WinTTHandler
FontType:TrueType
FontName:Candara
FamilyName:Candara
StyleName:Regular
MenuName:Candara
StyleBits:0
WeightClass:400
WidthClass:5
AngleClass:0
FullName:Candara
WritingScript:Roman
WinName:Candara
FileLength:219532
%EndFont

%BeginFont
Handler:WinTTHandler
FontType:TrueType
FontName:Candara-Bold
FamilyName:Candara
StyleName:Bold
MenuName:Candara
StyleBits:2
WeightClass:700
WidthClass:5
AngleClass:0
FullName:Candara Bold
WritingScript:Roman
WinName:Candara Bold
FileLength:227604
%EndFont

%BeginFont
Handler:WinTTHandler
FontType:TrueType
FontName:Candara-BoldItalic
FamilyName:Candara
StyleName:Bold Italic
MenuName:Candara
StyleBits:3
WeightClass:700
WidthClass:5
AngleClass:1
FullName:Candara Bold Italic
WritingScript:Roman
WinName:Candara Bold Italic
FileLength:229364
%EndFont

%BeginFont
Handler:WinTTHandler
FontType:TrueType
FontName:Candara-Italic
FamilyName:Candara
StyleName:Italic
MenuName:Candara
StyleBits:1
WeightClass:400
WidthClass:5
AngleClass:1
FullName:Candara Italic
WritingScript:Roman
WinName:Candara Italic
FileLength:227648
%EndFont

%BeginFont
Handler:WinTTHandler
FontType:TrueType
FontName:Candara-Light
FamilyName:Candara
StyleName:Light
MenuName:Candara Light
StyleBits:0
WeightClass:400
WidthClass:5
AngleClass:0
FullName:Candara Light
WritingScript:Roman
WinName:Candara Light
FileLength:122132
%EndFont

%BeginFont
Handler:WinTTHandler
FontType:TrueType
FontName:Candara-LightItalic
FamilyName:Candara
StyleName:Light Italic
MenuName:Candara Light
StyleBits:1
WeightClass:400
WidthClass:5
AngleClass:1
FullName:Candara Light Italic
WritingScript:Roman
WinName:Candara Light Italic
FileLength:120996
%EndFont

%BeginFont
Handler:WinTTHandler
FontType:TrueType
FontName:ComicSansMS
FamilyName:Comic Sans MS
StyleName:Regular
MenuName:Comic Sans MS
StyleBits:0
WeightClass:400
WidthClass:5
AngleClass:0
FullName:Comic Sans MS
WritingScript:Roman
WinName:Comic Sans MS
FileLength:245600
%EndFont

%BeginFont
Handler:WinTTHandler
FontType:TrueType
FontName:ComicSansMS-Bold
FamilyName:Comic Sans MS
StyleName:Bold
MenuName:Comic Sans MS
StyleBits:2
WeightClass:700
WidthClass:5
AngleClass:0
FullName:Comic Sans MS Bold
WritingScript:Roman
WinName:Comic Sans MS Fett
FileLength:229408
%EndFont

%BeginFont
Handler:WinTTHandler
FontType:TrueType
FontName:ComicSansMS-BoldItalic
FamilyName:Comic Sans MS
StyleName:Bold Italic
MenuName:Comic Sans MS
StyleBits:3
WeightClass:700
WidthClass:5
AngleClass:1
FullName:Comic Sans MS Bold Italic
WritingScript:Roman
WinName:Comic Sans MS Fett Kursiv
FileLength:224252
%EndFont

%BeginFont
Handler:WinTTHandler
FontType:TrueType
FontName:ComicSansMS-Italic
FamilyName:Comic Sans MS
StyleName:Italic
MenuName:Comic Sans MS
StyleBits:1
WeightClass:400
WidthClass:5
AngleClass:1
FullName:Comic Sans MS Italic
WritingScript:Roman
WinName:Comic Sans MS Kursiv
FileLength:226708
%EndFont

%BeginFont
Handler:WinTTHandler
FontType:TrueType
FontName:Consolas
FamilyName:Consolas
StyleName:Regular
MenuName:Consolas
StyleBits:0
WeightClass:400
WidthClass:5
AngleClass:0
FullName:Consolas
WritingScript:Roman
WinName:Consolas
FileLength:459180
%EndFont

%BeginFont
Handler:WinTTHandler
FontType:TrueType
FontName:Consolas-Bold
FamilyName:Consolas
StyleName:Bold
MenuName:Consolas
StyleBits:2
WeightClass:700
WidthClass:5
AngleClass:0
FullName:Consolas Bold
WritingScript:Roman
WinName:Consolas Bold
FileLength:397896
%EndFont

%BeginFont
Handler:WinTTHandler
FontType:TrueType
FontName:Consolas-BoldItalic
FamilyName:Consolas
StyleName:Bold Italic
MenuName:Consolas
StyleBits:3
WeightClass:700
WidthClass:5
AngleClass:1
FullName:Consolas Bold Italic
WritingScript:Roman
WinName:Consolas Bold Italic
FileLength:407956
%EndFont

%BeginFont
Handler:WinTTHandler
FontType:TrueType
FontName:Consolas-Italic
FamilyName:Consolas
StyleName:Italic
MenuName:Consolas
StyleBits:1
WeightClass:400
WidthClass:5
AngleClass:1
FullName:Consolas Italic
WritingScript:Roman
WinName:Consolas Italic
FileLength:467584
%EndFont

%BeginFont
Handler:WinTTHandler
FontType:TrueType
FontName:Constantia
FamilyName:Constantia
StyleName:Regular
MenuName:Constantia
StyleBits:0
WeightClass:400
WidthClass:5
AngleClass:0
FullName:Constantia
WritingScript:Roman
WinName:Constantia
FileLength:448376
%EndFont

%BeginFont
Handler:WinTTHandler
FontType:TrueType
FontName:Constantia-Bold
FamilyName:Constantia
StyleName:Bold
MenuName:Constantia
StyleBits:2
WeightClass:700
WidthClass:5
AngleClass:0
FullName:Constantia Bold
WritingScript:Roman
WinName:Constantia Bold
FileLength:451824
%EndFont

%BeginFont
Handler:WinTTHandler
FontType:TrueType
FontName:Constantia-BoldItalic
FamilyName:Constantia
StyleName:Bold Italic
MenuName:Constantia
StyleBits:3
WeightClass:700
WidthClass:5
AngleClass:1
FullName:Constantia Bold Italic
WritingScript:Roman
WinName:Constantia Bold Italic
FileLength:455564
%EndFont

%BeginFont
Handler:WinTTHandler
FontType:TrueType
FontName:Constantia-Italic
FamilyName:Constantia
StyleName:Italic
MenuName:Constantia
StyleBits:1
WeightClass:400
WidthClass:5
AngleClass:1
FullName:Constantia Italic
WritingScript:Roman
WinName:Constantia Italic
FileLength:448748
%EndFont

%BeginFont
Handler:WinTTHandler
FontType:TrueType
FontName:Corbel
FamilyName:Corbel
StyleName:Regular
MenuName:Corbel
StyleBits:0
WeightClass:400
WidthClass:5
AngleClass:0
FullName:Corbel
WritingScript:Roman
WinName:Corbel
FileLength:277168
%EndFont

%BeginFont
Handler:WinTTHandler
FontType:TrueType
FontName:Corbel-Bold
FamilyName:Corbel
StyleName:Bold
MenuName:Corbel
StyleBits:2
WeightClass:700
WidthClass:5
AngleClass:0
FullName:Corbel Bold
WritingScript:Roman
WinName:Corbel Bold
FileLength:290908
%EndFont

%BeginFont
Handler:WinTTHandler
FontType:TrueType
FontName:Corbel-BoldItalic
FamilyName:Corbel
StyleName:Bold Italic
MenuName:Corbel
StyleBits:3
WeightClass:700
WidthClass:5
AngleClass:1
FullName:Corbel Bold Italic
WritingScript:Roman
WinName:Corbel Bold Italic
FileLength:294692
%EndFont

%BeginFont
Handler:WinTTHandler
FontType:TrueType
FontName:Corbel-Italic
FamilyName:Corbel
StyleName:Italic
MenuName:Corbel
StyleBits:1
WeightClass:400
WidthClass:5
AngleClass:1
FullName:Corbel Italic
WritingScript:Roman
WinName:Corbel Italic
FileLength:284690
%EndFont

%BeginFont
Handler:WinTTHandler
FontType:TrueType
FontName:CorbelLight
FamilyName:Corbel
StyleName:Light
MenuName:Corbel Light
StyleBits:0
WeightClass:300
WidthClass:5
AngleClass:0
FullName:Corbel Light
WritingScript:Roman
WinName:Corbel Light
FileLength:172256
%EndFont

%BeginFont
Handler:WinTTHandler
FontType:TrueType
FontName:CorbelLight-Italic
FamilyName:Corbel
StyleName:Light Italic
MenuName:Corbel Light
StyleBits:1
WeightClass:300
WidthClass:5
AngleClass:1
FullName:Corbel Light Italic
WritingScript:Roman
WinName:Corbel Light Italic
FileLength:169228
%EndFont

%BeginFont
Handler:WinTTHandler
FontType:TrueType
FontName:CourierNewPSMT
FamilyName:Courier New
StyleName:Regular
MenuName:Courier New
StyleBits:0
WeightClass:400
WidthClass:5
AngleClass:0
FullName:Courier New
WritingScript:Roman
WinName:Courier New
FileLength:806504
%EndFont

%BeginFont
Handler:WinTTHandler
FontType:TrueType
FontName:CourierNewPS-BoldMT
FamilyName:Courier New
StyleName:Bold
MenuName:Courier New
StyleBits:2
WeightClass:700
WidthClass:5
AngleClass:0
FullName:Courier New Bold
WritingScript:Roman
WinName:Courier New Fett
FileLength:805244
%EndFont

%BeginFont
Handler:WinTTHandler
FontType:TrueType
FontName:CourierNewPS-BoldItalicMT
FamilyName:Courier New
StyleName:Bold Italic
MenuName:Courier New
StyleBits:3
WeightClass:700
WidthClass:5
AngleClass:1
FullName:Courier New Bold Italic
WritingScript:Roman
WinName:Courier New Fett Kursiv
FileLength:577488
%EndFont

%BeginFont
Handler:WinTTHandler
FontType:TrueType
FontName:CourierNewPS-ItalicMT
FamilyName:Courier New
StyleName:Italic
MenuName:Courier New
StyleBits:1
WeightClass:400
WidthClass:5
AngleClass:1
FullName:Courier New Italic
WritingScript:Roman
WinName:Courier New Kursiv
FileLength:667440
%EndFont

%BeginFont
Handler:WinTTHandler
FontType:TrueType
FontName:Ebrima
FamilyName:Ebrima
StyleName:Regular
MenuName:Ebrima
StyleBits:0
WeightClass:400
WidthClass:5
AngleClass:0
FullName:Ebrima
WritingScript:Roman
WinName:Ebrima
FileLength:907232
%EndFont

%BeginFont
Handler:WinTTHandler
FontType:TrueType
FontName:Ebrima-Bold
FamilyName:Ebrima
StyleName:Bold
MenuName:Ebrima
StyleBits:2
WeightClass:700
WidthClass:5
AngleClass:0
FullName:Ebrima Bold
WritingScript:Roman
WinName:Ebrima Fett
FileLength:916908
%EndFont

%BeginFont
Handler:WinTTHandler
FontType:TrueType
FontName:FranklinGothic-Medium
FamilyName:Franklin Gothic Medium
StyleName:Regular
MenuName:Franklin Gothic Medium
StyleBits:0
WeightClass:400
WidthClass:5
AngleClass:0
FullName:Franklin Gothic Medium
WritingScript:Roman
WinName:Franklin Gothic Medium
FileLength:133632
%EndFont

%BeginFont
Handler:WinTTHandler
FontType:TrueType
FontName:FranklinGothic-MediumItalic
FamilyName:Franklin Gothic Medium
StyleName:Italic
MenuName:Franklin Gothic Medium
StyleBits:1
WeightClass:400
WidthClass:5
AngleClass:1
FullName:Franklin Gothic Medium Italic
WritingScript:Roman
WinName:Franklin Gothic Medium Kursiv
FileLength:148728
%EndFont

%BeginFont
Handler:WinTTHandler
FontType:TrueType
FontName:Gabriola
FamilyName:Gabriola
StyleName:Regular
MenuName:Gabriola
StyleBits:0
WeightClass:400
WidthClass:5
AngleClass:0
FullName:Gabriola
WritingScript:Roman
WinName:Gabriola
FileLength:1806004
%EndFont

%BeginFont
Handler:WinTTHandler
FontType:TrueType
FontName:Gadugi
FamilyName:Gadugi
StyleName:Regular
MenuName:Gadugi
StyleBits:0
WeightClass:400
WidthClass:5
AngleClass:0
FullName:Gadugi
WritingScript:Roman
WinName:Gadugi
FileLength:247240
%EndFont

%BeginFont
Handler:WinTTHandler
FontType:TrueType
FontName:Gadugi-Bold
FamilyName:Gadugi
StyleName:Bold
MenuName:Gadugi
StyleBits:2
WeightClass:700
WidthClass:5
AngleClass:0
FullName:Gadugi Bold
WritingScript:Roman
WinName:Gadugi Fett
FileLength:249236
%EndFont

%BeginFont
Handler:WinTTHandler
FontType:TrueType
FontName:Georgia
FamilyName:Georgia
StyleName:Regular
MenuName:Georgia
StyleBits:0
WeightClass:400
WidthClass:5
AngleClass:0
FullName:Georgia
WritingScript:Roman
WinName:Georgia
FileLength:219712
%EndFont

%BeginFont
Handler:WinTTHandler
FontType:TrueType
FontName:Georgia-Bold
FamilyName:Georgia
StyleName:Bold
MenuName:Georgia
StyleBits:2
WeightClass:700
WidthClass:5
AngleClass:0
FullName:Georgia Bold
WritingScript:Roman
WinName:Georgia Fett
FileLength:207476
%EndFont

%BeginFont
Handler:WinTTHandler
FontType:TrueType
FontName:Georgia-BoldItalic
FamilyName:Georgia
StyleName:Bold Italic
MenuName:Georgia
StyleBits:3
WeightClass:700
WidthClass:5
AngleClass:1
FullName:Georgia Bold Italic
WritingScript:Roman
WinName:Georgia Fett Kursiv
FileLength:211780
%EndFont

%BeginFont
Handler:WinTTHandler
FontType:TrueType
FontName:Georgia-Italic
FamilyName:Georgia
StyleName:Italic
MenuName:Georgia
StyleBits:1
WeightClass:400
WidthClass:5
AngleClass:1
FullName:Georgia Italic
WritingScript:Roman
WinName:Georgia Kursiv
FileLength:208444
%EndFont

%BeginFont
Handler:WinTTHandler
FontType:TrueType
FontName:Impact
FamilyName:Impact
StyleName:Regular
MenuName:Impact
StyleBits:0
WeightClass:400
WidthClass:3
AngleClass:0
FullName:Impact
WritingScript:Roman
WinName:Impact
FileLength:206784
%EndFont

%BeginFont
Handler:WinTTHandler
FontType:TrueType
FontName:InkFree
FamilyName:Ink Free
StyleName:Regular
MenuName:Ink Free
StyleBits:0
WeightClass:400
WidthClass:5
AngleClass:0
FullName:Ink Free
WritingScript:Roman
WinName:Ink Free
FileLength:57316
%EndFont

%BeginFont
Handler:WinTTHandler
FontType:TrueType
FontName:JavaneseText
FamilyName:Javanese Text
StyleName:Regular
MenuName:Javanese Text
StyleBits:0
WeightClass:400
WidthClass:5
AngleClass:0
FullName:Javanese Text
WritingScript:Roman
WinName:Javanese Text
FileLength:305448
%EndFont

%BeginFont
Handler:WinTTHandler
FontType:TrueType
FontName:LeelawadeeUI
FamilyName:Leelawadee UI
StyleName:Regular
MenuName:Leelawadee UI
StyleBits:0
WeightClass:400
WidthClass:5
AngleClass:0
FullName:Leelawadee UI
FamilyNameNative:Leelawadee UI
StyleNameNative:Regular
FullNameNative:Leelawadee UI Regular
WritingScript:Thai
WinName:Leelawadee UI
FileLength:393764
%EndFont

%BeginFont
Handler:WinTTHandler
FontType:TrueType
FontName:LeelawadeeUI-Bold
FamilyName:Leelawadee UI
StyleName:Bold
MenuName:Leelawadee UI
StyleBits:2
WeightClass:700
WidthClass:5
AngleClass:0
FullName:Leelawadee UI Bold
FamilyNameNative:Leelawadee UI
StyleNameNative:Bold
FullNameNative:Leelawadee UI Bold
WritingScript:Thai
WinName:Leelawadee UI Fett
FileLength:327420
%EndFont

%BeginFont
Handler:WinTTHandler
FontType:TrueType
FontName:LeelawadeeUI-Semilight
FamilyName:Leelawadee UI
StyleName:Semilight
MenuName:Leelawadee UI Semilight
StyleBits:0
WeightClass:350
WidthClass:5
AngleClass:0
FullName:Leelawadee UI Semilight
FamilyNameNative:Leelawadee UI Semilight
StyleNameNative:Semilight
FullNameNative:Leelawadee UI Semilight Semilight
WritingScript:Thai
WinName:Leelawadee UI Semilight Standard
FileLength:386264
%EndFont

%BeginFont
Handler:WinTTHandler
FontType:TrueType
FontName:LucidaConsole
FamilyName:Lucida Console
StyleName:Regular
MenuName:Lucida Console
StyleBits:0
WeightClass:400
WidthClass:4
AngleClass:0
FullName:Lucida Console
WritingScript:Roman
WinName:Lucida Console
FileLength:111108
%EndFont

%BeginFont
Handler:WinTTHandler
FontType:TrueType
FontName:LucidaSansUnicode
FamilyName:Lucida Sans Unicode
StyleName:Regular
MenuName:Lucida Sans Unicode
StyleBits:0
WeightClass:400
WidthClass:5
AngleClass:0
FullName:Lucida Sans Unicode
WritingScript:Roman
WinName:Lucida Sans Unicode
FileLength:309516
%EndFont

%BeginFont
Handler:WinTTHandler
FontType:TrueType
FontName:MalgunGothic
FamilyName:Malgun Gothic
StyleName:Regular
MenuName:Malgun Gothic
StyleBits:0
WeightClass:400
WidthClass:5
AngleClass:0
FullName:Malgun Gothic
FamilyNameNative:맑은 고딕
StyleNameNative:Regular
FullNameNative:맑은 고딕
WritingScript:Korean
WinName:Malgun Gothic
FileLength:13457164
%EndFont

%BeginFont
Handler:WinTTHandler
FontType:TrueType
FontName:MalgunGothicBold
FamilyName:Malgun Gothic
StyleName:Bold
MenuName:Malgun Gothic
StyleBits:2
WeightClass:700
WidthClass:5
AngleClass:0
FullName:Malgun Gothic Bold
FamilyNameNative:맑은 고딕
StyleNameNative:Bold
FullNameNative:맑은 고딕 Bold
WritingScript:Korean
WinName:Malgun Gothic Bold
FileLength:12598360
%EndFont

%BeginFont
Handler:WinTTHandler
FontType:TrueType
FontName:MalgunGothic-Semilight
FamilyName:Malgun Gothic
StyleName:Semilight
MenuName:Malgun Gothic Semilight
StyleBits:0
WeightClass:300
WidthClass:5
AngleClass:0
FullName:Malgun Gothic Semilight
FamilyNameNative:맑은 고딕
StyleNameNative:Semilight
FullNameNative:맑은 고딕 Semilight
WritingScript:Korean
WinName:Malgun Gothic Semilight
FileLength:5083156
%EndFont

%BeginFont
Handler:WinTTHandler
FontType:TrueType
FontName:Microsoft-Himalaya
FamilyName:Microsoft Himalaya
StyleName:Regular
MenuName:Microsoft Himalaya
StyleBits:0
WeightClass:400
WidthClass:5
AngleClass:0
FullName:Microsoft Himalaya
WritingScript:Roman
WinName:Microsoft Himalaya
FileLength:572776
%EndFont

%BeginFont
Handler:WinTTHandler
FontType:TrueType
FontName:MicrosoftJhengHeiRegular
FamilyName:Microsoft JhengHei
StyleName:Regular
MenuName:Microsoft JhengHei
StyleBits:0
WeightClass:400
WidthClass:5
AngleClass:0
FullName:Microsoft JhengHei
FamilyNameNative:微軟正黑體
StyleNameNative:Regular
FullNameNative:微軟正黑體
WritingScript:TraditionalChinese
WinName:Microsoft JhengHei
FileLength:21402152
%EndFont

%BeginFont
Handler:WinTTHandler
FontType:TrueType
FontName:MicrosoftJhengHeiBold
FamilyName:Microsoft JhengHei
StyleName:Bold
MenuName:Microsoft JhengHei
StyleBits:2
WeightClass:700
WidthClass:5
AngleClass:0
FullName:Microsoft JhengHei Bold
FamilyNameNative:微軟正黑體
StyleNameNative:Bold
FullNameNative:微軟正黑體 Bold
WritingScript:TraditionalChinese
WinName:Microsoft JhengHei Fett
FileLength:14441192
%EndFont

%BeginFont
Handler:WinTTHandler
FontType:TrueType
FontName:MicrosoftJhengHeiUIRegular
FamilyName:Microsoft JhengHei UI
StyleName:Regular
MenuName:Microsoft JhengHei UI
StyleBits:0
WeightClass:400
WidthClass:5
AngleClass:0
FullName:Microsoft JhengHei UI
FamilyNameNative:Microsoft JhengHei UI
StyleNameNative:Regular
FullNameNative:Microsoft JhengHei UI Regular
WritingScript:TraditionalChinese
WinName:Microsoft JhengHei UI
FileLength:21402152
%EndFont

%BeginFont
Handler:WinTTHandler
FontType:TrueType
FontName:MicrosoftJhengHeiUIBold
FamilyName:Microsoft JhengHei UI
StyleName:Bold
MenuName:Microsoft JhengHei UI
StyleBits:2
WeightClass:700
WidthClass:5
AngleClass:0
FullName:Microsoft JhengHei UI Bold
FamilyNameNative:Microsoft JhengHei UI
StyleNameNative:Bold
FullNameNative:Microsoft JhengHei UI Bold
WritingScript:TraditionalChinese
WinName:Microsoft JhengHei UI Fett
FileLength:14441192
%EndFont

%BeginFont
Handler:WinTTHandler
FontType:TrueType
FontName:MicrosoftJhengHeiLight
FamilyName:Microsoft JhengHei
StyleName:Light
MenuName:Microsoft JhengHei Light
StyleBits:0
WeightClass:290
WidthClass:5
AngleClass:0
FullName:Microsoft JhengHei Light
FamilyNameNative:微軟正黑體
StyleNameNative:Light
FullNameNative:微軟正黑體 Light
WritingScript:TraditionalChinese
WinName:Microsoft JhengHei Light
FileLength:12875740
%EndFont

%BeginFont
Handler:WinTTHandler
FontType:TrueType
FontName:MicrosoftJhengHeiUILight
FamilyName:Microsoft JhengHei UI
StyleName:Light
MenuName:Microsoft JhengHei UI Light
StyleBits:0
WeightClass:290
WidthClass:5
AngleClass:0
FullName:Microsoft JhengHei UI Light
FamilyNameNative:Microsoft JhengHei UI
StyleNameNative:Light
FullNameNative:Microsoft JhengHei UI Light
WritingScript:TraditionalChinese
WinName:Microsoft JhengHei UI Light
FileLength:12875740
%EndFont

%BeginFont
Handler:WinTTHandler
FontType:TrueType
FontName:MicrosoftNewTaiLue
FamilyName:Microsoft New Tai Lue
StyleName:Regular
MenuName:Microsoft New Tai Lue
StyleBits:0
WeightClass:400
WidthClass:5
AngleClass:0
FullName:Microsoft New Tai Lue
WritingScript:Roman
WinName:Microsoft New Tai Lue
FileLength:74464
%EndFont

%BeginFont
Handler:WinTTHandler
FontType:TrueType
FontName:MicrosoftNewTaiLue-Bold
FamilyName:Microsoft New Tai Lue
StyleName:Bold
MenuName:Microsoft New Tai Lue
StyleBits:2
WeightClass:700
WidthClass:5
AngleClass:0
FullName:Microsoft New Tai Lue Bold
WritingScript:Roman
WinName:Microsoft New Tai Lue Bold
FileLength:67168
%EndFont

%BeginFont
Handler:WinTTHandler
FontType:TrueType
FontName:MicrosoftPhagsPa
FamilyName:Microsoft PhagsPa
StyleName:Regular
MenuName:Microsoft PhagsPa
StyleBits:0
WeightClass:400
WidthClass:5
AngleClass:0
FullName:Microsoft PhagsPa
WritingScript:Roman
WinName:Microsoft PhagsPa
FileLength:93720
%EndFont

%BeginFont
Handler:WinTTHandler
FontType:TrueType
FontName:MicrosoftPhagsPa-Bold
FamilyName:Microsoft PhagsPa
StyleName:Bold
MenuName:Microsoft PhagsPa
StyleBits:2
WeightClass:700
WidthClass:5
AngleClass:0
FullName:Microsoft PhagsPa Bold
WritingScript:Roman
WinName:Microsoft PhagsPa Bold
FileLength:97476
%EndFont

%BeginFont
Handler:WinTTHandler
FontType:TrueType
FontName:MicrosoftSansSerif
FamilyName:Microsoft Sans Serif
StyleName:Regular
MenuName:Microsoft Sans Serif
StyleBits:0
WeightClass:400
WidthClass:5
AngleClass:0
FullName:Microsoft Sans Serif
FamilyNameNative:Microsoft Sans Serif
StyleNameNative:Regular
FullNameNative:Microsoft Sans Serif Regular
WritingScript:Hebrew
WinName:Microsoft Sans Serif
FileLength:876256
%EndFont

%BeginFont
Handler:WinTTHandler
FontType:TrueType
FontName:MicrosoftTaiLe
FamilyName:Microsoft Tai Le
StyleName:Regular
MenuName:Microsoft Tai Le
StyleBits:0
WeightClass:400
WidthClass:5
AngleClass:0
FullName:Microsoft Tai Le
WritingScript:Roman
WinName:Microsoft Tai Le
FileLength:67568
%EndFont

%BeginFont
Handler:WinTTHandler
FontType:TrueType
FontName:MicrosoftTaiLe-Bold
FamilyName:Microsoft Tai Le
StyleName:Bold
MenuName:Microsoft Tai Le
StyleBits:2
WeightClass:700
WidthClass:5
AngleClass:0
FullName:Microsoft Tai Le Bold
WritingScript:Roman
WinName:Microsoft Tai Le Bold
FileLength:58532
%EndFont

%BeginFont
Handler:WinTTHandler
FontType:TrueType
FontName:MicrosoftYaHei
FamilyName:Microsoft YaHei
StyleName:Regular
MenuName:Microsoft YaHei
StyleBits:0
WeightClass:400
WidthClass:5
AngleClass:0
FullName:Microsoft YaHei
FamilyNameNative:微软雅黑
StyleNameNative:Regular
FullNameNative:微软雅黑
WritingScript:SimplifiedChinese
WinName:Microsoft YaHei
FileLength:19701556
%EndFont

%BeginFont
Handler:WinTTHandler
FontType:TrueType
FontName:MicrosoftYaHei-Bold
FamilyName:Microsoft YaHei
StyleName:Bold
MenuName:Microsoft YaHei
StyleBits:2
WeightClass:700
WidthClass:5
AngleClass:0
FullName:Microsoft YaHei Bold
FamilyNameNative:微软雅黑
StyleNameNative:Bold
FullNameNative:微软雅黑 Bold
WritingScript:SimplifiedChinese
WinName:Microsoft YaHei Fett
FileLength:16880832
%EndFont

%BeginFont
Handler:WinTTHandler
FontType:TrueType
FontName:MicrosoftYaHeiUI
FamilyName:Microsoft YaHei UI
StyleName:Regular
MenuName:Microsoft YaHei UI
StyleBits:0
WeightClass:400
WidthClass:5
AngleClass:0
FullName:Microsoft YaHei UI
FamilyNameNative:Microsoft YaHei UI
StyleNameNative:Regular
FullNameNative:Microsoft YaHei UI Regular
WritingScript:SimplifiedChinese
WinName:Microsoft YaHei UI
FileLength:19701556
%EndFont

%BeginFont
Handler:WinTTHandler
FontType:TrueType
FontName:MicrosoftYaHeiUI-Bold
FamilyName:Microsoft YaHei UI
StyleName:Bold
MenuName:Microsoft YaHei UI
StyleBits:2
WeightClass:700
WidthClass:5
AngleClass:0
FullName:Microsoft YaHei UI Bold
FamilyNameNative:Microsoft YaHei UI
StyleNameNative:Bold
FullNameNative:Microsoft YaHei UI Bold
WritingScript:SimplifiedChinese
WinName:Microsoft YaHei UI Fett
FileLength:16880832
%EndFont

%BeginFont
Handler:WinTTHandler
FontType:TrueType
FontName:MicrosoftYaHeiLight
FamilyName:Microsoft YaHei
StyleName:Light
MenuName:Microsoft YaHei Light
StyleBits:0
WeightClass:290
WidthClass:5
AngleClass:0
FullName:Microsoft YaHei Light
FamilyNameNative:微软雅黑
StyleNameNative:Light
FullNameNative:微软雅黑 Light
WritingScript:SimplifiedChinese
WinName:Microsoft YaHei Light
FileLength:12183612
%EndFont

%BeginFont
Handler:WinTTHandler
FontType:TrueType
FontName:MicrosoftYaHeiUILight
FamilyName:Microsoft YaHei UI
StyleName:Light
MenuName:Microsoft YaHei UI Light
StyleBits:0
WeightClass:290
WidthClass:5
AngleClass:0
FullName:Microsoft YaHei UI Light
FamilyNameNative:Microsoft YaHei UI
StyleNameNative:Light
FullNameNative:Microsoft YaHei UI Light
WritingScript:SimplifiedChinese
WinName:Microsoft YaHei UI Light
FileLength:12183612
%EndFont

%BeginFont
Handler:WinTTHandler
FontType:TrueType
FontName:Microsoft-Yi-Baiti
FamilyName:Microsoft Yi Baiti
StyleName:Regular
MenuName:Microsoft Yi Baiti
StyleBits:0
WeightClass:400
WidthClass:5
AngleClass:0
FullName:Microsoft Yi Baiti
WritingScript:Roman
WinName:Microsoft Yi Baiti
FileLength:301180
%EndFont

%BeginFont
Handler:WinTTHandler
FontType:TrueType
FontName:MingLiU-ExtB
FamilyName:MingLiU-ExtB
StyleName:Regular
MenuName:MingLiU-ExtB
StyleBits:0
WeightClass:400
WidthClass:5
AngleClass:0
FullName:MingLiU-ExtB
FamilyNameNative:細明體-ExtB
StyleNameNative:Regular
FullNameNative:細明體-ExtB
WritingScript:TraditionalChinese
WinName:MingLiU-ExtB
FileLength:36786404
%EndFont

%BeginFont
Handler:WinTTHandler
FontType:TrueType
FontName:PMingLiU-ExtB
FamilyName:PMingLiU-ExtB
StyleName:Regular
MenuName:PMingLiU-ExtB
StyleBits:0
WeightClass:400
WidthClass:5
AngleClass:0
FullName:PMingLiU-ExtB
FamilyNameNative:新細明體-ExtB
StyleNameNative:Regular
FullNameNative:新細明體-ExtB
WritingScript:TraditionalChinese
WinName:PMingLiU-ExtB
FileLength:36786404
%EndFont

%BeginFont
Handler:WinTTHandler
FontType:TrueType
FontName:Ming-Lt-HKSCS-ExtB
FamilyName:MingLiU_HKSCS-ExtB
StyleName:Regular
MenuName:MingLiU_HKSCS-ExtB
StyleBits:0
WeightClass:400
WidthClass:5
AngleClass:0
FullName:MingLiU_HKSCS-ExtB
FamilyNameNative:細明體_HKSCS-ExtB
StyleNameNative:Regular
FullNameNative:細明體_HKSCS-ExtB
WritingScript:TraditionalChinese
WinName:MingLiU_HKSCS-ExtB
FileLength:36786404
%EndFont

%BeginFont
Handler:WinTTHandler
FontType:TrueType
FontName:Ming-Lt-MSCS-ExtB
FamilyName:MingLiU_MSCS-ExtB
StyleName:Regular
MenuName:MingLiU_MSCS-ExtB
StyleBits:0
WeightClass:400
WidthClass:5
AngleClass:0
FullName:MingLiU_MSCS-ExtB
FamilyNameNative:細明體_MSCS-ExtB
StyleNameNative:Regular
FullNameNative:細明體_MSCS-ExtB
WritingScript:TraditionalChinese
WinName:MingLiU_MSCS-ExtB
FileLength:37112128
%EndFont

%BeginFont
Handler:WinTTHandler
FontType:TrueType
FontName:MongolianBaiti
FamilyName:Mongolian Baiti
StyleName:Regular
MenuName:Mongolian Baiti
StyleBits:0
WeightClass:400
WidthClass:5
AngleClass:0
FullName:Mongolian Baiti
WritingScript:Roman
WinName:Mongolian Baiti
FileLength:289052
%EndFont

%BeginFont
Handler:WinTTHandler
FontType:TrueType
FontName:MS-Gothic
FamilyName:MS Gothic
StyleName:Regular
MenuName:MS Gothic
StyleBits:0
WeightClass:400
WidthClass:5
AngleClass:0
FullName:MS Gothic
FamilyNameNative:ＭＳ ゴシック
StyleNameNative:標準
FullNameNative:ＭＳ ゴシック
WritingScript:Japanese
WinName:MS Gothic
FileLength:8990160
%EndFont

%BeginFont
Handler:WinTTHandler
FontType:TrueType
FontName:MS-UIGothic
FamilyName:MS UI Gothic
StyleName:Regular
MenuName:MS UI Gothic
StyleBits:0
WeightClass:400
WidthClass:5
AngleClass:0
FullName:MS UI Gothic
FamilyNameNative:MS UI Gothic
StyleNameNative:標準
FullNameNative:MS UI Gothic 標準
WritingScript:Japanese
WinName:MS UI Gothic
FileLength:8990160
%EndFont

%BeginFont
Handler:WinTTHandler
FontType:TrueType
FontName:MS-PGothic
FamilyName:MS PGothic
StyleName:Regular
MenuName:MS PGothic
StyleBits:0
WeightClass:400
WidthClass:5
AngleClass:0
FullName:MS PGothic
FamilyNameNative:ＭＳ Ｐゴシック
StyleNameNative:標準
FullNameNative:ＭＳ Ｐゴシック
WritingScript:Japanese
WinName:MS PGothic
FileLength:8990160
%EndFont

%BeginFont
Handler:WinTTHandler
FontType:TrueType
FontName:MVBoli
FamilyName:MV Boli
StyleName:Regular
MenuName:MV Boli
StyleBits:0
WeightClass:400
WidthClass:5
AngleClass:1
FullName:MV Boli
WritingScript:Roman
WinName:MV Boli
FileLength:78272
%EndFont

%BeginFont
Handler:WinTTHandler
FontType:TrueType
FontName:MyanmarText
FamilyName:Myanmar Text
StyleName:Regular
MenuName:Myanmar Text
StyleBits:0
WeightClass:400
WidthClass:5
AngleClass:0
FullName:Myanmar Text
WritingScript:Roman
WinName:Myanmar Text
FileLength:355292
%EndFont

%BeginFont
Handler:WinTTHandler
FontType:TrueType
FontName:MyanmarText-Bold
FamilyName:Myanmar Text
StyleName:Bold
MenuName:Myanmar Text
StyleBits:2
WeightClass:700
WidthClass:5
AngleClass:0
FullName:Myanmar Text Bold
WritingScript:Roman
WinName:Myanmar Text Fett
FileLength:336660
%EndFont

%BeginFont
Handler:WinTTHandler
FontType:TrueType
FontName:NirmalaUI
FamilyName:Nirmala UI
StyleName:Regular
MenuName:Nirmala UI
StyleBits:0
WeightClass:400
WidthClass:5
AngleClass:0
FullName:Nirmala UI
WritingScript:Roman
WinName:Nirmala UI
FileLength:1518820
%EndFont

%BeginFont
Handler:WinTTHandler
FontType:TrueType
FontName:NirmalaUI-Bold
FamilyName:Nirmala UI
StyleName:Bold
MenuName:Nirmala UI
StyleBits:2
WeightClass:700
WidthClass:5
AngleClass:0
FullName:Nirmala UI Bold
WritingScript:Roman
WinName:Nirmala UI Fett
FileLength:1472884
%EndFont

%BeginFont
Handler:WinTTHandler
FontType:TrueType
FontName:NirmalaUI-Semilight
FamilyName:Nirmala UI
StyleName:Semilight
MenuName:Nirmala UI Semilight
StyleBits:0
WeightClass:350
WidthClass:5
AngleClass:0
FullName:Nirmala UI Semilight
WritingScript:Roman
WinName:Nirmala UI Semilight
FileLength:1553396
%EndFont

%BeginFont
Handler:WinTTHandler
FontType:TrueType
FontName:NirmalaText
FamilyName:Nirmala Text
StyleName:Regular
MenuName:Nirmala Text
StyleBits:0
WeightClass:400
WidthClass:5
AngleClass:0
FullName:Nirmala Text
WritingScript:Roman
WinName:Nirmala Text
FileLength:5304988
%EndFont

%BeginFont
Handler:WinTTHandler
FontType:TrueType
FontName:NirmalaText-Bold
FamilyName:Nirmala Text
StyleName:Bold
MenuName:Nirmala Text
StyleBits:2
WeightClass:700
WidthClass:5
AngleClass:0
FullName:Nirmala Text Bold
WritingScript:Roman
WinName:Nirmala Text Fett
FileLength:5304988
%EndFont

%BeginFont
Handler:WinTTHandler
FontType:TrueType
FontName:NirmalaText-Semilight
FamilyName:Nirmala Text
StyleName:Semilight
MenuName:Nirmala Text Semilight
StyleBits:0
WeightClass:350
WidthClass:5
AngleClass:0
FullName:Nirmala Text Semilight
WritingScript:Roman
WinName:Nirmala Text Semilight
FileLength:5304988
%EndFont

%BeginFont
Handler:WinTTHandler
FontType:TrueType
FontName:PalatinoLinotype-Roman
FamilyName:Palatino Linotype
StyleName:Regular
MenuName:Palatino Linotype
StyleBits:0
WeightClass:400
WidthClass:5
AngleClass:0
FullName:Palatino Linotype
WritingScript:Roman
WinName:Palatino Linotype
FileLength:472284
%EndFont

%BeginFont
Handler:WinTTHandler
FontType:TrueType
FontName:PalatinoLinotype-Bold
FamilyName:Palatino Linotype
StyleName:Bold
MenuName:Palatino Linotype
StyleBits:2
WeightClass:700
WidthClass:5
AngleClass:0
FullName:Palatino Linotype Bold
WritingScript:Roman
WinName:Palatino Linotype Fett
FileLength:419932
%EndFont

%BeginFont
Handler:WinTTHandler
FontType:TrueType
FontName:PalatinoLinotype-BoldItalic
FamilyName:Palatino Linotype
StyleName:Bold Italic
MenuName:Palatino Linotype
StyleBits:3
WeightClass:700
WidthClass:5
AngleClass:1
FullName:Palatino Linotype Bold Italic
WritingScript:Roman
WinName:Palatino Linotype Fett Kursiv
FileLength:335292
%EndFont

%BeginFont
Handler:WinTTHandler
FontType:TrueType
FontName:PalatinoLinotype-Italic
FamilyName:Palatino Linotype
StyleName:Italic
MenuName:Palatino Linotype
StyleBits:1
WeightClass:400
WidthClass:5
AngleClass:1
FullName:Palatino Linotype Italic
WritingScript:Roman
WinName:Palatino Linotype Kursiv
FileLength:413708
%EndFont

%BeginFont
Handler:WinTTHandler
FontType:TrueType
FontName:SansSerifCollection
FamilyName:Sans Serif Collection
StyleName:Regular
MenuName:Sans Serif Collection
StyleBits:0
WeightClass:400
WidthClass:5
AngleClass:0
FullName:Sans Serif Collection
WritingScript:Roman
WinName:Sans Serif Collection
FileLength:3775516
%EndFont

%BeginFont
Handler:WinTTHandler
FontType:TrueType
FontName:SegoeFluentIcons
FamilyName:Segoe Fluent Icons
StyleName:Regular
MenuName:Segoe Fluent Icons
StyleBits:0
WeightClass:400
WidthClass:5
AngleClass:0
FullName:Segoe Fluent Icons
WritingScript:Roman
WinName:Segoe Fluent Icons
FileLength:451168
%EndFont

%BeginFont
Handler:WinTTHandler
FontType:TrueType
FontName:SegoeMDL2Assets
FamilyName:Segoe MDL2 Assets
StyleName:Regular
MenuName:Segoe MDL2 Assets
StyleBits:0
WeightClass:400
WidthClass:5
AngleClass:0
FullName:Segoe MDL2 Assets
WritingScript:Roman
WinName:Segoe MDL2 Assets
FileLength:264272
%EndFont

%BeginFont
Handler:WinTTHandler
FontType:TrueType
FontName:SegoePrint
FamilyName:Segoe Print
StyleName:Regular
MenuName:Segoe Print
StyleBits:0
WeightClass:400
WidthClass:5
AngleClass:0
FullName:Segoe Print
WritingScript:Roman
WinName:Segoe Print
FileLength:168404
%EndFont

%BeginFont
Handler:WinTTHandler
FontType:TrueType
FontName:SegoePrint-Bold
FamilyName:Segoe Print
StyleName:Bold
MenuName:Segoe Print
StyleBits:2
WeightClass:700
WidthClass:5
AngleClass:0
FullName:Segoe Print Bold
WritingScript:Roman
WinName:Segoe Print Bold
FileLength:167800
%EndFont

%BeginFont
Handler:WinTTHandler
FontType:TrueType
FontName:SegoeScript
FamilyName:Segoe Script
StyleName:Regular
MenuName:Segoe Script
StyleBits:0
WeightClass:400
WidthClass:5
AngleClass:0
FullName:Segoe Script
WritingScript:Roman
WinName:Segoe Script
FileLength:596948
%EndFont

%BeginFont
Handler:WinTTHandler
FontType:TrueType
FontName:SegoeScript-Bold
FamilyName:Segoe Script
StyleName:Bold
MenuName:Segoe Script
StyleBits:2
WeightClass:700
WidthClass:5
AngleClass:0
FullName:Segoe Script Bold
WritingScript:Roman
WinName:Segoe Script Fett
FileLength:593028
%EndFont

%BeginFont
Handler:WinTTHandler
FontType:TrueType
FontName:SegoeUI
FamilyName:Segoe UI
StyleName:Regular
MenuName:Segoe UI
StyleBits:0
WeightClass:400
WidthClass:5
AngleClass:0
FullName:Segoe UI
WritingScript:Roman
WinName:Segoe UI
FileLength:955804
%EndFont

%BeginFont
Handler:WinTTHandler
FontType:TrueType
FontName:SegoeUI-Bold
FamilyName:Segoe UI
StyleName:Bold
MenuName:Segoe UI
StyleBits:2
WeightClass:700
WidthClass:5
AngleClass:0
FullName:Segoe UI Bold
WritingScript:Roman
WinName:Segoe UI Fett
FileLength:951724
%EndFont

%BeginFont
Handler:WinTTHandler
FontType:TrueType
FontName:SegoeUI-BoldItalic
FamilyName:Segoe UI
StyleName:Bold Italic
MenuName:Segoe UI
StyleBits:3
WeightClass:700
WidthClass:5
AngleClass:1
FullName:Segoe UI Bold Italic
WritingScript:Roman
WinName:Segoe UI Fett Kursiv
FileLength:541468
%EndFont

%BeginFont
Handler:WinTTHandler
FontType:TrueType
FontName:SegoeUI-Italic
FamilyName:Segoe UI
StyleName:Italic
MenuName:Segoe UI
StyleBits:1
WeightClass:400
WidthClass:5
AngleClass:1
FullName:Segoe UI Italic
WritingScript:Roman
WinName:Segoe UI Kursiv
FileLength:529712
%EndFont

%BeginFont
Handler:WinTTHandler
FontType:TrueType
FontName:SegoeUIBlack
FamilyName:Segoe UI
StyleName:Black
MenuName:Segoe UI Black
StyleBits:0
WeightClass:900
WidthClass:5
AngleClass:0
FullName:Segoe UI Black
WritingScript:Roman
WinName:Segoe UI Black
FileLength:324260
%EndFont

%BeginFont
Handler:WinTTHandler
FontType:TrueType
FontName:SegoeUIBlack-Italic
FamilyName:Segoe UI
StyleName:Black Italic
MenuName:Segoe UI Black
StyleBits:1
WeightClass:900
WidthClass:5
AngleClass:1
FullName:Segoe UI Black Italic
WritingScript:Roman
WinName:Segoe UI Black Italic
FileLength:356008
%EndFont

%BeginFont
Handler:WinTTHandler
FontType:TrueType
FontName:SegoeUIEmoji
FamilyName:Segoe UI Emoji
StyleName:Regular
MenuName:Segoe UI Emoji
StyleBits:0
WeightClass:400
WidthClass:5
AngleClass:0
FullName:Segoe UI Emoji
WritingScript:Roman
WinName:Segoe UI Emoji
FileLength:2072388
%EndFont

%BeginFont
Handler:WinTTHandler
FontType:TrueType
FontName:SegoeUIHistoric
FamilyName:Segoe UI Historic
StyleName:Regular
MenuName:Segoe UI Historic
StyleBits:0
WeightClass:400
WidthClass:5
AngleClass:0
FullName:Segoe UI Historic
WritingScript:Roman
WinName:Segoe UI Historic
FileLength:1400724
%EndFont

%BeginFont
Handler:WinTTHandler
FontType:TrueType
FontName:SegoeUI-Light
FamilyName:Segoe UI
StyleName:Light
MenuName:Segoe UI Light
StyleBits:0
WeightClass:300
WidthClass:5
AngleClass:0
FullName:Segoe UI Light
WritingScript:Roman
WinName:Segoe UI Light
FileLength:913712
%EndFont

%BeginFont
Handler:WinTTHandler
FontType:TrueType
FontName:SegoeUI-LightItalic
FamilyName:Segoe UI
StyleName:Light Italic
MenuName:Segoe UI Light
StyleBits:1
WeightClass:300
WidthClass:5
AngleClass:1
FullName:Segoe UI Light Italic
WritingScript:Roman
WinName:Segoe UI Light Italic
FileLength:459940
%EndFont

%BeginFont
Handler:WinTTHandler
FontType:TrueType
FontName:SegoeUI-Semibold
FamilyName:Segoe UI
StyleName:Semibold
MenuName:Segoe UI Semibold
StyleBits:0
WeightClass:600
WidthClass:5
AngleClass:0
FullName:Segoe UI Semibold
WritingScript:Roman
WinName:Segoe UI Semibold
FileLength:971080
%EndFont

%BeginFont
Handler:WinTTHandler
FontType:TrueType
FontName:SegoeUI-SemiboldItalic
FamilyName:Segoe UI
StyleName:Semibold Italic
MenuName:Segoe UI Semibold
StyleBits:1
WeightClass:600
WidthClass:5
AngleClass:1
FullName:Segoe UI Semibold Italic
WritingScript:Roman
WinName:Segoe UI Semibold Italic
FileLength:457892
%EndFont

%BeginFont
Handler:WinTTHandler
FontType:TrueType
FontName:SegoeUI-Semilight
FamilyName:Segoe UI
StyleName:Semilight
MenuName:Segoe UI Semilight
StyleBits:0
WeightClass:350
WidthClass:5
AngleClass:0
FullName:Segoe UI Semilight
WritingScript:Roman
WinName:Segoe UI Semilight
FileLength:854140
%EndFont

%BeginFont
Handler:WinTTHandler
FontType:TrueType
FontName:SegoeUI-SemilightItalic
FamilyName:Segoe UI
StyleName:Semilight Italic
MenuName:Segoe UI Semilight
StyleBits:1
WeightClass:350
WidthClass:5
AngleClass:1
FullName:Segoe UI Semilight Italic
WritingScript:Roman
WinName:Segoe UI Semilight Italic
FileLength:467180
%EndFont

%BeginFont
Handler:WinTTHandler
FontType:TrueType
FontName:SegoeUISymbol
FamilyName:Segoe UI Symbol
StyleName:Regular
MenuName:Segoe UI Symbol
StyleBits:0
WeightClass:400
WidthClass:5
AngleClass:0
FullName:Segoe UI Symbol
WritingScript:Roman
WinName:Segoe UI Symbol
FileLength:2454728
%EndFont

%BeginFont
Handler:WinTTHandler
FontType:TrueType
FontName:SegoeUIVariable
FamilyName:Segoe UI Variable
StyleName:Regular
MenuName:Segoe UI Variable
StyleBits:0
WeightClass:400
WidthClass:5
AngleClass:0
FullName:Segoe UI Variable
WritingScript:Roman
WinName:Segoe UI Variable Small Light
FileLength:1851000
%EndFont

%BeginFont
Handler:WinTTHandler
FontType:TrueType
FontName:SegoeUIVariable
FamilyName:Segoe UI Variable
StyleName:Regular
MenuName:Segoe UI Variable
StyleBits:0
WeightClass:400
WidthClass:5
AngleClass:0
FullName:Segoe UI Variable
WritingScript:Roman
WinName:Segoe UI Variable Small Semilight
FileLength:1851000
%EndFont

%BeginFont
Handler:WinTTHandler
FontType:TrueType
FontName:SegoeUIVariable
FamilyName:Segoe UI Variable
StyleName:Regular
MenuName:Segoe UI Variable
StyleBits:0
WeightClass:400
WidthClass:5
AngleClass:0
FullName:Segoe UI Variable
WritingScript:Roman
WinName:Segoe UI Variable Small
FileLength:1851000
%EndFont

%BeginFont
Handler:WinTTHandler
FontType:TrueType
FontName:SegoeUIVariable
FamilyName:Segoe UI Variable
StyleName:Regular
MenuName:Segoe UI Variable
StyleBits:0
WeightClass:400
WidthClass:5
AngleClass:0
FullName:Segoe UI Variable
WritingScript:Roman
WinName:Segoe UI Variable Small Bold
FileLength:1851000
%EndFont

%BeginFont
Handler:WinTTHandler
FontType:TrueType
FontName:SegoeUIVariable
FamilyName:Segoe UI Variable
StyleName:Regular
MenuName:Segoe UI Variable
StyleBits:0
WeightClass:400
WidthClass:5
AngleClass:0
FullName:Segoe UI Variable
WritingScript:Roman
WinName:Segoe UI Variable Small Semibold
FileLength:1851000
%EndFont

%BeginFont
Handler:WinTTHandler
FontType:TrueType
FontName:SegoeUIVariable
FamilyName:Segoe UI Variable
StyleName:Regular
MenuName:Segoe UI Variable
StyleBits:0
WeightClass:400
WidthClass:5
AngleClass:0
FullName:Segoe UI Variable
WritingScript:Roman
WinName:Segoe UI Variable Text Light
FileLength:1851000
%EndFont

%BeginFont
Handler:WinTTHandler
FontType:TrueType
FontName:SegoeUIVariable
FamilyName:Segoe UI Variable
StyleName:Regular
MenuName:Segoe UI Variable
StyleBits:0
WeightClass:400
WidthClass:5
AngleClass:0
FullName:Segoe UI Variable
WritingScript:Roman
WinName:Segoe UI Variable Text Semilight
FileLength:1851000
%EndFont

%BeginFont
Handler:WinTTHandler
FontType:TrueType
FontName:SegoeUIVariable
FamilyName:Segoe UI Variable
StyleName:Regular
MenuName:Segoe UI Variable
StyleBits:0
WeightClass:400
WidthClass:5
AngleClass:0
FullName:Segoe UI Variable
WritingScript:Roman
WinName:Segoe UI Variable Text
FileLength:1851000
%EndFont

%BeginFont
Handler:WinTTHandler
FontType:TrueType
FontName:SegoeUIVariable
FamilyName:Segoe UI Variable
StyleName:Regular
MenuName:Segoe UI Variable
StyleBits:0
WeightClass:400
WidthClass:5
AngleClass:0
FullName:Segoe UI Variable
WritingScript:Roman
WinName:Segoe UI Variable Text Bold
FileLength:1851000
%EndFont

%BeginFont
Handler:WinTTHandler
FontType:TrueType
FontName:SegoeUIVariable
FamilyName:Segoe UI Variable
StyleName:Regular
MenuName:Segoe UI Variable
StyleBits:0
WeightClass:400
WidthClass:5
AngleClass:0
FullName:Segoe UI Variable
WritingScript:Roman
WinName:Segoe UI Variable Text Semibold
FileLength:1851000
%EndFont

%BeginFont
Handler:WinTTHandler
FontType:TrueType
FontName:SegoeUIVariable
FamilyName:Segoe UI Variable
StyleName:Regular
MenuName:Segoe UI Variable
StyleBits:0
WeightClass:400
WidthClass:5
AngleClass:0
FullName:Segoe UI Variable
WritingScript:Roman
WinName:Segoe UI Variable Display Light
FileLength:1851000
%EndFont

%BeginFont
Handler:WinTTHandler
FontType:TrueType
FontName:SegoeUIVariable
FamilyName:Segoe UI Variable
StyleName:Regular
MenuName:Segoe UI Variable
StyleBits:0
WeightClass:400
WidthClass:5
AngleClass:0
FullName:Segoe UI Variable
WritingScript:Roman
WinName:Segoe UI Variable Display Semilight
FileLength:1851000
%EndFont

%BeginFont
Handler:WinTTHandler
FontType:TrueType
FontName:SegoeUIVariable
FamilyName:Segoe UI Variable
StyleName:Regular
MenuName:Segoe UI Variable
StyleBits:0
WeightClass:400
WidthClass:5
AngleClass:0
FullName:Segoe UI Variable
WritingScript:Roman
WinName:Segoe UI Variable Display
FileLength:1851000
%EndFont

%BeginFont
Handler:WinTTHandler
FontType:TrueType
FontName:SegoeUIVariable
FamilyName:Segoe UI Variable
StyleName:Regular
MenuName:Segoe UI Variable
StyleBits:0
WeightClass:400
WidthClass:5
AngleClass:0
FullName:Segoe UI Variable
WritingScript:Roman
WinName:Segoe UI Variable Display Bold
FileLength:1851000
%EndFont

%BeginFont
Handler:WinTTHandler
FontType:TrueType
FontName:SegoeUIVariable
FamilyName:Segoe UI Variable
StyleName:Regular
MenuName:Segoe UI Variable
StyleBits:0
WeightClass:400
WidthClass:5
AngleClass:0
FullName:Segoe UI Variable
WritingScript:Roman
WinName:Segoe UI Variable Display Semibold
FileLength:1851000
%EndFont

%BeginFont
Handler:WinTTHandler
FontType:TrueType
FontName:SimSun
FamilyName:SimSun
StyleName:Regular
MenuName:SimSun
StyleBits:0
WeightClass:400
WidthClass:5
AngleClass:0
FullName:SimSun
FamilyNameNative:宋体
StyleNameNative:常规
FullNameNative:宋体
WritingScript:SimplifiedChinese
WinName:SimSun
FileLength:18008680
%EndFont

%BeginFont
Handler:WinTTHandler
FontType:TrueType
FontName:NSimSun
FamilyName:NSimSun
StyleName:Regular
MenuName:NSimSun
StyleBits:0
WeightClass:400
WidthClass:5
AngleClass:0
FullName:NSimSun
FamilyNameNative:新宋体
StyleNameNative:常规
FullNameNative:新宋体
WritingScript:SimplifiedChinese
WinName:NSimSun
FileLength:18008680
%EndFont

%BeginFont
Handler:WinTTHandler
FontType:TrueType
FontName:SimSun-ExtB
FamilyName:SimSun-ExtB
StyleName:Regular
MenuName:SimSun-ExtB
StyleBits:0
WeightClass:400
WidthClass:5
AngleClass:0
FullName:SimSun-ExtB
FamilyNameNative:SimSun-ExtB
StyleNameNative:Regular
FullNameNative:SimSun-ExtB Regular
WritingScript:SimplifiedChinese
WinName:SimSun-ExtB
FileLength:21877944
%EndFont

%BeginFont
Handler:WinTTHandler
FontType:TrueType
FontName:SitkaSmall
FamilyName:Sitka
StyleName:Small
MenuName:Sitka Small
StyleBits:0
WeightClass:400
WidthClass:5
AngleClass:0
FullName:Sitka Small
WritingScript:Roman
WinName:Sitka Small
FileLength:945616
%EndFont

%BeginFont
Handler:WinTTHandler
FontType:TrueType
FontName:SitkaSmall-Bold
FamilyName:Sitka
StyleName:Small Bold
MenuName:Sitka Small
StyleBits:2
WeightClass:700
WidthClass:5
AngleClass:0
FullName:Sitka Small Bold
WritingScript:Roman
WinName:Sitka Small Bold
FileLength:933972
%EndFont

%BeginFont
Handler:WinTTHandler
FontType:TrueType
FontName:SitkaSmall-Italic
FamilyName:Sitka
StyleName:Small Italic
MenuName:Sitka Small
StyleBits:1
WeightClass:400
WidthClass:5
AngleClass:1
FullName:Sitka Small Italic
WritingScript:Roman
WinName:Sitka Small Italic
FileLength:990728
%EndFont

%BeginFont
Handler:WinTTHandler
FontType:TrueType
FontName:SitkaSmall-BoldItalic
FamilyName:Sitka
StyleName:Small Bold Italic
MenuName:Sitka Small
StyleBits:3
WeightClass:700
WidthClass:5
AngleClass:1
FullName:Sitka Small Bold Italic
WritingScript:Roman
WinName:Sitka Small Bold Italic
FileLength:980296
%EndFont

%BeginFont
Handler:WinTTHandler
FontType:TrueType
FontName:SitkaText
FamilyName:Sitka
StyleName:Text
MenuName:Sitka Text
StyleBits:0
WeightClass:400
WidthClass:5
AngleClass:0
FullName:Sitka Text
WritingScript:Roman
WinName:Sitka Small Semibold
FileLength:516124
%EndFont

%BeginFont
Handler:WinTTHandler
FontType:TrueType
FontName:SitkaTextItalic
FamilyName:Sitka
StyleName:Text Italic
MenuName:Sitka Text
StyleBits:1
WeightClass:400
WidthClass:5
AngleClass:1
FullName:Sitka Text Italic
WritingScript:Roman
WinName:Sitka Small Semibold Italic
FileLength:558188
%EndFont

%BeginFont
Handler:WinTTHandler
FontType:TrueType
FontName:SitkaText
FamilyName:Sitka
StyleName:Text
MenuName:Sitka Text
StyleBits:0
WeightClass:400
WidthClass:5
AngleClass:0
FullName:Sitka Text
WritingScript:Roman
WinName:Sitka Text
FileLength:945616
%EndFont

%BeginFont
Handler:WinTTHandler
FontType:TrueType
FontName:SitkaText-Bold
FamilyName:Sitka
StyleName:Text Bold
MenuName:Sitka Text
StyleBits:2
WeightClass:700
WidthClass:5
AngleClass:0
FullName:Sitka Text Bold
WritingScript:Roman
WinName:Sitka Text Bold
FileLength:933972
%EndFont

%BeginFont
Handler:WinTTHandler
FontType:TrueType
FontName:SitkaText-Italic
FamilyName:Sitka
StyleName:Text Italic
MenuName:Sitka Text
StyleBits:1
WeightClass:400
WidthClass:5
AngleClass:1
FullName:Sitka Text Italic
WritingScript:Roman
WinName:Sitka Text Italic
FileLength:990728
%EndFont

%BeginFont
Handler:WinTTHandler
FontType:TrueType
FontName:SitkaText-BoldItalic
FamilyName:Sitka
StyleName:Text Bold Italic
MenuName:Sitka Text
StyleBits:3
WeightClass:700
WidthClass:5
AngleClass:1
FullName:Sitka Text Bold Italic
WritingScript:Roman
WinName:Sitka Text Bold Italic
FileLength:980296
%EndFont

%BeginFont
Handler:WinTTHandler
FontType:TrueType
FontName:SitkaText
FamilyName:Sitka
StyleName:Text
MenuName:Sitka Text
StyleBits:0
WeightClass:400
WidthClass:5
AngleClass:0
FullName:Sitka Text
WritingScript:Roman
WinName:Sitka Text Semibold
FileLength:516124
%EndFont

%BeginFont
Handler:WinTTHandler
FontType:TrueType
FontName:SitkaTextItalic
FamilyName:Sitka
StyleName:Text Italic
MenuName:Sitka Text
StyleBits:1
WeightClass:400
WidthClass:5
AngleClass:1
FullName:Sitka Text Italic
WritingScript:Roman
WinName:Sitka Text Semibold Italic
FileLength:558188
%EndFont

%BeginFont
Handler:WinTTHandler
FontType:TrueType
FontName:SitkaSubheading
FamilyName:Sitka
StyleName:Subheading
MenuName:Sitka Subheading
StyleBits:0
WeightClass:400
WidthClass:5
AngleClass:0
FullName:Sitka Subheading
WritingScript:Roman
WinName:Sitka Subheading
FileLength:945616
%EndFont

%BeginFont
Handler:WinTTHandler
FontType:TrueType
FontName:SitkaSubheading-Bold
FamilyName:Sitka
StyleName:Subheading Bold
MenuName:Sitka Subheading
StyleBits:2
WeightClass:700
WidthClass:5
AngleClass:0
FullName:Sitka Subheading Bold
WritingScript:Roman
WinName:Sitka Subheading Bold
FileLength:933972
%EndFont

%BeginFont
Handler:WinTTHandler
FontType:TrueType
FontName:SitkaSubheading-Italic
FamilyName:Sitka
StyleName:Subheading Italic
MenuName:Sitka Subheading
StyleBits:1
WeightClass:400
WidthClass:5
AngleClass:1
FullName:Sitka Subheading Italic
WritingScript:Roman
WinName:Sitka Subheading Italic
FileLength:990728
%EndFont

%BeginFont
Handler:WinTTHandler
FontType:TrueType
FontName:SitkaSubheading-BoldItalic
FamilyName:Sitka
StyleName:Subheading Bold Italic
MenuName:Sitka Subheading
StyleBits:3
WeightClass:700
WidthClass:5
AngleClass:1
FullName:Sitka Subheading Bold Italic
WritingScript:Roman
WinName:Sitka Subheading Bold Italic
FileLength:980296
%EndFont

%BeginFont
Handler:WinTTHandler
FontType:TrueType
FontName:SitkaText
FamilyName:Sitka
StyleName:Text
MenuName:Sitka Text
StyleBits:0
WeightClass:400
WidthClass:5
AngleClass:0
FullName:Sitka Text
WritingScript:Roman
WinName:Sitka Subheading Semibold
FileLength:516124
%EndFont

%BeginFont
Handler:WinTTHandler
FontType:TrueType
FontName:SitkaTextItalic
FamilyName:Sitka
StyleName:Text Italic
MenuName:Sitka Text
StyleBits:1
WeightClass:400
WidthClass:5
AngleClass:1
FullName:Sitka Text Italic
WritingScript:Roman
WinName:Sitka Subheading Semibold Italic
FileLength:558188
%EndFont

%BeginFont
Handler:WinTTHandler
FontType:TrueType
FontName:SitkaHeading
FamilyName:Sitka
StyleName:Heading
MenuName:Sitka Heading
StyleBits:0
WeightClass:400
WidthClass:5
AngleClass:0
FullName:Sitka Heading
WritingScript:Roman
WinName:Sitka Heading
FileLength:945616
%EndFont

%BeginFont
Handler:WinTTHandler
FontType:TrueType
FontName:SitkaHeading-Bold
FamilyName:Sitka
StyleName:Heading Bold
MenuName:Sitka Heading
StyleBits:2
WeightClass:700
WidthClass:5
AngleClass:0
FullName:Sitka Heading Bold
WritingScript:Roman
WinName:Sitka Heading Bold
FileLength:933972
%EndFont

%BeginFont
Handler:WinTTHandler
FontType:TrueType
FontName:SitkaHeading-Italic
FamilyName:Sitka
StyleName:Heading Italic
MenuName:Sitka Heading
StyleBits:1
WeightClass:400
WidthClass:5
AngleClass:1
FullName:Sitka Heading Italic
WritingScript:Roman
WinName:Sitka Heading Italic
FileLength:990728
%EndFont

%BeginFont
Handler:WinTTHandler
FontType:TrueType
FontName:SitkaHeading-BoldItalic
FamilyName:Sitka
StyleName:Heading Bold Italic
MenuName:Sitka Heading
StyleBits:3
WeightClass:700
WidthClass:5
AngleClass:1
FullName:Sitka Heading Bold Italic
WritingScript:Roman
WinName:Sitka Heading Bold Italic
FileLength:980296
%EndFont

%BeginFont
Handler:WinTTHandler
FontType:TrueType
FontName:SitkaText
FamilyName:Sitka
StyleName:Text
MenuName:Sitka Text
StyleBits:0
WeightClass:400
WidthClass:5
AngleClass:0
FullName:Sitka Text
WritingScript:Roman
WinName:Sitka Heading Semibold
FileLength:516124
%EndFont

%BeginFont
Handler:WinTTHandler
FontType:TrueType
FontName:SitkaTextItalic
FamilyName:Sitka
StyleName:Text Italic
MenuName:Sitka Text
StyleBits:1
WeightClass:400
WidthClass:5
AngleClass:1
FullName:Sitka Text Italic
WritingScript:Roman
WinName:Sitka Heading Semibold Italic
FileLength:558188
%EndFont

%BeginFont
Handler:WinTTHandler
FontType:TrueType
FontName:SitkaDisplay
FamilyName:Sitka
StyleName:Display
MenuName:Sitka Display
StyleBits:0
WeightClass:400
WidthClass:5
AngleClass:0
FullName:Sitka Display
WritingScript:Roman
WinName:Sitka Display
FileLength:945616
%EndFont

%BeginFont
Handler:WinTTHandler
FontType:TrueType
FontName:SitkaDisplay-Bold
FamilyName:Sitka
StyleName:Display Bold
MenuName:Sitka Display
StyleBits:2
WeightClass:700
WidthClass:5
AngleClass:0
FullName:Sitka Display Bold
WritingScript:Roman
WinName:Sitka Display Bold
FileLength:933972
%EndFont

%BeginFont
Handler:WinTTHandler
FontType:TrueType
FontName:SitkaDisplay-Italic
FamilyName:Sitka
StyleName:Display Italic
MenuName:Sitka Display
StyleBits:1
WeightClass:400
WidthClass:5
AngleClass:1
FullName:Sitka Display Italic
WritingScript:Roman
WinName:Sitka Display Italic
FileLength:990728
%EndFont

%BeginFont
Handler:WinTTHandler
FontType:TrueType
FontName:SitkaDisplay-BoldItalic
FamilyName:Sitka
StyleName:Display Bold Italic
MenuName:Sitka Display
StyleBits:3
WeightClass:700
WidthClass:5
AngleClass:1
FullName:Sitka Display Bold Italic
WritingScript:Roman
WinName:Sitka Display Bold Italic
FileLength:980296
%EndFont

%BeginFont
Handler:WinTTHandler
FontType:TrueType
FontName:SitkaText
FamilyName:Sitka
StyleName:Text
MenuName:Sitka Text
StyleBits:0
WeightClass:400
WidthClass:5
AngleClass:0
FullName:Sitka Text
WritingScript:Roman
WinName:Sitka Display Semibold
FileLength:516124
%EndFont

%BeginFont
Handler:WinTTHandler
FontType:TrueType
FontName:SitkaTextItalic
FamilyName:Sitka
StyleName:Text Italic
MenuName:Sitka Text
StyleBits:1
WeightClass:400
WidthClass:5
AngleClass:1
FullName:Sitka Text Italic
WritingScript:Roman
WinName:Sitka Display Semibold Italic
FileLength:558188
%EndFont

%BeginFont
Handler:WinTTHandler
FontType:TrueType
FontName:SitkaBanner
FamilyName:Sitka
StyleName:Banner
MenuName:Sitka Banner
StyleBits:0
WeightClass:400
WidthClass:5
AngleClass:0
FullName:Sitka Banner
WritingScript:Roman
WinName:Sitka Banner
FileLength:945616
%EndFont

%BeginFont
Handler:WinTTHandler
FontType:TrueType
FontName:SitkaBanner-Bold
FamilyName:Sitka
StyleName:Banner Bold
MenuName:Sitka Banner
StyleBits:2
WeightClass:700
WidthClass:5
AngleClass:0
FullName:Sitka Banner Bold
WritingScript:Roman
WinName:Sitka Banner Bold
FileLength:933972
%EndFont

%BeginFont
Handler:WinTTHandler
FontType:TrueType
FontName:SitkaBanner-Italic
FamilyName:Sitka
StyleName:Banner Italic
MenuName:Sitka Banner
StyleBits:1
WeightClass:400
WidthClass:5
AngleClass:1
FullName:Sitka Banner Italic
WritingScript:Roman
WinName:Sitka Banner Italic
FileLength:990728
%EndFont

%BeginFont
Handler:WinTTHandler
FontType:TrueType
FontName:SitkaBanner-BoldItalic
FamilyName:Sitka
StyleName:Banner Bold Italic
MenuName:Sitka Banner
StyleBits:3
WeightClass:700
WidthClass:5
AngleClass:1
FullName:Sitka Banner Bold Italic
WritingScript:Roman
WinName:Sitka Banner Bold Italic
FileLength:980296
%EndFont

%BeginFont
Handler:WinTTHandler
FontType:TrueType
FontName:SitkaText
FamilyName:Sitka
StyleName:Text
MenuName:Sitka Text
StyleBits:0
WeightClass:400
WidthClass:5
AngleClass:0
FullName:Sitka Text
WritingScript:Roman
WinName:Sitka Banner Semibold
FileLength:516124
%EndFont

%BeginFont
Handler:WinTTHandler
FontType:TrueType
FontName:SitkaTextItalic
FamilyName:Sitka
StyleName:Text Italic
MenuName:Sitka Text
StyleBits:1
WeightClass:400
WidthClass:5
AngleClass:1
FullName:Sitka Text Italic
WritingScript:Roman
WinName:Sitka Banner Semibold Italic
FileLength:558188
%EndFont

%BeginFont
Handler:WinTTHandler
FontType:TrueType
FontName:Sylfaen
FamilyName:Sylfaen
StyleName:Regular
MenuName:Sylfaen
StyleBits:0
WeightClass:400
WidthClass:5
AngleClass:0
FullName:Sylfaen
WritingScript:Roman
WinName:Sylfaen
FileLength:256528
%EndFont

%BeginFont
Handler:WinTTHandler
FontType:TrueType
FontName:SymbolMT
FamilyName:Symbol
StyleName:Regular
MenuName:Symbol
StyleBits:0
WeightClass:400
WidthClass:5
AngleClass:0
FullName:Symbol
WritingScript:Roman
WinName:Symbol
FileLength:69036
%EndFont

%BeginFont
Handler:WinTTHandler
FontType:TrueType
FontName:Tahoma
FamilyName:Tahoma
StyleName:Regular
MenuName:Tahoma
StyleBits:0
WeightClass:400
WidthClass:5
AngleClass:0
FullName:Tahoma
WritingScript:Roman
WinName:Tahoma
FileLength:939280
%EndFont

%BeginFont
Handler:WinTTHandler
FontType:TrueType
FontName:Tahoma-Bold
FamilyName:Tahoma
StyleName:Bold
MenuName:Tahoma
StyleBits:2
WeightClass:700
WidthClass:5
AngleClass:0
FullName:Tahoma Bold
WritingScript:Roman
WinName:Tahoma Fett
FileLength:867988
%EndFont

%BeginFont
Handler:WinTTHandler
FontType:TrueType
FontName:TimesNewRomanPSMT
FamilyName:Times New Roman
StyleName:Regular
MenuName:Times New Roman
StyleBits:0
WeightClass:400
WidthClass:5
AngleClass:0
FullName:Times New Roman
WritingScript:Roman
WinName:Times New Roman
FileLength:1195688
%EndFont

%BeginFont
Handler:WinTTHandler
FontType:TrueType
FontName:TimesNewRomanPS-BoldMT
FamilyName:Times New Roman
StyleName:Bold
MenuName:Times New Roman
StyleBits:2
WeightClass:700
WidthClass:5
AngleClass:0
FullName:Times New Roman Bold
WritingScript:Roman
WinName:Times New Roman Fett
FileLength:1175904
%EndFont

%BeginFont
Handler:WinTTHandler
FontType:TrueType
FontName:TimesNewRomanPS-BoldItalicMT
FamilyName:Times New Roman
StyleName:Bold Italic
MenuName:Times New Roman
StyleBits:3
WeightClass:700
WidthClass:5
AngleClass:1
FullName:Times New Roman Bold Italic
WritingScript:Roman
WinName:Times New Roman Fett Kursiv
FileLength:881860
%EndFont

%BeginFont
Handler:WinTTHandler
FontType:TrueType
FontName:TimesNewRomanPS-ItalicMT
FamilyName:Times New Roman
StyleName:Italic
MenuName:Times New Roman
StyleBits:1
WeightClass:400
WidthClass:5
AngleClass:1
FullName:Times New Roman Italic
WritingScript:Roman
WinName:Times New Roman Kursiv
FileLength:940288
%EndFont

%BeginFont
Handler:WinTTHandler
FontType:TrueType
FontName:TrebuchetMS
FamilyName:Trebuchet MS
StyleName:Regular
MenuName:Trebuchet MS
StyleBits:0
WeightClass:400
WidthClass:5
AngleClass:0
FullName:Trebuchet MS
WritingScript:Roman
WinName:Trebuchet MS
FileLength:254396
%EndFont

%BeginFont
Handler:WinTTHandler
FontType:TrueType
FontName:TrebuchetMS-Bold
FamilyName:Trebuchet MS
StyleName:Bold
MenuName:Trebuchet MS
StyleBits:2
WeightClass:700
WidthClass:5
AngleClass:0
FullName:Trebuchet MS Bold
WritingScript:Roman
WinName:Trebuchet MS Fett
FileLength:244124
%EndFont

%BeginFont
Handler:WinTTHandler
FontType:TrueType
FontName:Trebuchet-BoldItalic
FamilyName:Trebuchet MS
StyleName:Bold Italic
MenuName:Trebuchet MS
StyleBits:3
WeightClass:700
WidthClass:5
AngleClass:1
FullName:Trebuchet MS Bold Italic
WritingScript:Roman
WinName:Trebuchet MS Fett Kursiv
FileLength:225868
%EndFont

%BeginFont
Handler:WinTTHandler
FontType:TrueType
FontName:TrebuchetMS-Italic
FamilyName:Trebuchet MS
StyleName:Italic
MenuName:Trebuchet MS
StyleBits:1
WeightClass:400
WidthClass:5
AngleClass:1
FullName:Trebuchet MS Italic
WritingScript:Roman
WinName:Trebuchet MS Kursiv
FileLength:252224
%EndFont

%BeginFont
Handler:WinTTHandler
FontType:TrueType
FontName:Verdana
FamilyName:Verdana
StyleName:Regular
MenuName:Verdana
StyleBits:0
WeightClass:400
WidthClass:5
AngleClass:0
FullName:Verdana
WritingScript:Roman
WinName:Verdana
FileLength:243304
%EndFont

%BeginFont
Handler:WinTTHandler
FontType:TrueType
FontName:Verdana-Bold
FamilyName:Verdana
StyleName:Bold
MenuName:Verdana
StyleBits:2
WeightClass:700
WidthClass:5
AngleClass:0
FullName:Verdana Bold
WritingScript:Roman
WinName:Verdana Fett
FileLength:211260
%EndFont

%BeginFont
Handler:WinTTHandler
FontType:TrueType
FontName:Verdana-BoldItalic
FamilyName:Verdana
StyleName:Bold Italic
MenuName:Verdana
StyleBits:3
WeightClass:700
WidthClass:5
AngleClass:1
FullName:Verdana Bold Italic
WritingScript:Roman
WinName:Verdana Fett Kursiv
FileLength:229800
%EndFont

%BeginFont
Handler:WinTTHandler
FontType:TrueType
FontName:Verdana-Italic
FamilyName:Verdana
StyleName:Italic
MenuName:Verdana
StyleBits:1
WeightClass:400
WidthClass:5
AngleClass:1
FullName:Verdana Italic
WritingScript:Roman
WinName:Verdana Kursiv
FileLength:223268
%EndFont

%BeginFont
Handler:WinTTHandler
FontType:TrueType
FontName:Webdings
FamilyName:Webdings
StyleName:Regular
MenuName:Webdings
StyleBits:0
WeightClass:400
WidthClass:5
AngleClass:0
FullName:Webdings
WritingScript:Roman
WinName:Webdings
FileLength:120560
%EndFont

%BeginFont
Handler:WinTTHandler
FontType:TrueType
FontName:Wingdings-Regular
FamilyName:Wingdings
StyleName:Regular
MenuName:Wingdings
StyleBits:0
WeightClass:400
WidthClass:5
AngleClass:0
FullName:Wingdings
WritingScript:Roman
WinName:Wingdings
FileLength:82180
%EndFont

%BeginFont
Handler:WinTTHandler
FontType:TrueType
FontName:YuGothic-Regular
FamilyName:Yu Gothic
StyleName:Regular
MenuName:Yu Gothic
StyleBits:0
WeightClass:400
WidthClass:5
AngleClass:0
FullName:Yu Gothic Regular
FamilyNameNative:游ゴシック
StyleNameNative:Regular
FullNameNative:游ゴシック Regular
WritingScript:Japanese
WinName:Yu Gothic Regular
FileLength:13674828
%EndFont

%BeginFont
Handler:WinTTHandler
FontType:TrueType
FontName:YuGothic-Bold
FamilyName:Yu Gothic
StyleName:Bold
MenuName:Yu Gothic
StyleBits:2
WeightClass:700
WidthClass:5
AngleClass:0
FullName:Yu Gothic Bold
FamilyNameNative:游ゴシック
StyleNameNative:Bold
FullNameNative:游ゴシック Bold
WritingScript:Japanese
WinName:Yu Gothic Bold
FileLength:14522408
%EndFont

%BeginFont
Handler:WinTTHandler
FontType:TrueType
FontName:YuGothicUI-Regular
FamilyName:Yu Gothic UI
StyleName:Regular
MenuName:Yu Gothic UI
StyleBits:0
WeightClass:400
WidthClass:5
AngleClass:0
FullName:Yu Gothic UI Regular
FamilyNameNative:Yu Gothic UI
StyleNameNative:Regular
FullNameNative:Yu Gothic UI Regular
WritingScript:Japanese
WinName:Yu Gothic UI Regular
FileLength:13742180
%EndFont

%BeginFont
Handler:WinTTHandler
FontType:TrueType
FontName:YuGothicUI-Bold
FamilyName:Yu Gothic UI
StyleName:Bold
MenuName:Yu Gothic UI
StyleBits:2
WeightClass:700
WidthClass:5
AngleClass:0
FullName:Yu Gothic UI Bold
FamilyNameNative:Yu Gothic UI
StyleNameNative:Bold
FullNameNative:Yu Gothic UI Bold
WritingScript:Japanese
WinName:Yu Gothic UI Bold
FileLength:14522408
%EndFont

%BeginFont
Handler:WinTTHandler
FontType:TrueType
FontName:YuGothicUI-Semibold
FamilyName:Yu Gothic UI
StyleName:Semibold
MenuName:Yu Gothic UI Semibold
StyleBits:2
WeightClass:600
WidthClass:5
AngleClass:0
FullName:Yu Gothic UI Semibold
FamilyNameNative:Yu Gothic UI Semibold
StyleNameNative:Semibold
FullNameNative:Yu Gothic UI Semibold Semibold
WritingScript:Japanese
WinName:Yu Gothic UI Semibold
FileLength:14522408
%EndFont

%BeginFont
Handler:WinTTHandler
FontType:TrueType
FontName:YuGothic-Light
FamilyName:Yu Gothic
StyleName:Light
MenuName:Yu Gothic Light
StyleBits:0
WeightClass:300
WidthClass:5
AngleClass:0
FullName:Yu Gothic Light
FamilyNameNative:游ゴシック
StyleNameNative:Light
FullNameNative:游ゴシック Light
WritingScript:Japanese
WinName:Yu Gothic Light
FileLength:13805400
%EndFont

%BeginFont
Handler:WinTTHandler
FontType:TrueType
FontName:YuGothicUI-Light
FamilyName:Yu Gothic UI
StyleName:Light
MenuName:Yu Gothic UI Light
StyleBits:0
WeightClass:300
WidthClass:5
AngleClass:0
FullName:Yu Gothic UI Light
FamilyNameNative:Yu Gothic UI Light
StyleNameNative:Light
FullNameNative:Yu Gothic UI Light Light
WritingScript:Japanese
WinName:Yu Gothic UI Light
FileLength:13805400
%EndFont

%BeginFont
Handler:WinTTHandler
FontType:TrueType
FontName:YuGothic-Medium
FamilyName:Yu Gothic
StyleName:Medium
MenuName:Yu Gothic Medium
StyleBits:0
WeightClass:500
WidthClass:5
AngleClass:0
FullName:Yu Gothic Medium
FamilyNameNative:游ゴシック
StyleNameNative:Medium
FullNameNative:游ゴシック Medium
WritingScript:Japanese
WinName:Yu Gothic Medium
FileLength:13742180
%EndFont

%BeginFont
Handler:WinTTHandler
FontType:TrueType
FontName:YuGothicUI-Semilight
FamilyName:Yu Gothic UI
StyleName:Semilight
MenuName:Yu Gothic UI Semilight
StyleBits:0
WeightClass:350
WidthClass:5
AngleClass:0
FullName:Yu Gothic UI Semilight
FamilyNameNative:Yu Gothic UI Semilight
StyleNameNative:Semilight
FullNameNative:Yu Gothic UI Semilight Semilight
WritingScript:Japanese
WinName:Yu Gothic UI Semilight
FileLength:13674828
%EndFont

%BeginFont
Handler:WinTTHandler
FontType:TrueType
FontName:SimSun-ExtG
FamilyName:SimSun-ExtG
StyleName:Regular
MenuName:SimSun-ExtG
StyleBits:0
WeightClass:400
WidthClass:5
AngleClass:0
FullName:SimSun-ExtG
FamilyNameNative:SimSun-ExtG
StyleNameNative:Regular
FullNameNative:SimSun-ExtG Regular
WritingScript:SimplifiedChinese
WinName:SimSun-ExtG
FileLength:3558996
%EndFont

%BeginFont
Handler:WinTTHandler
FontType:TrueType
FontName:KievitOffcPro
FamilyName:Kievit Offc Pro
StyleName:Regular
MenuName:Kievit Offc Pro
StyleBits:0
WeightClass:400
WidthClass:5
AngleClass:0
FullName:Kievit Offc Pro
WritingScript:Roman
WinName:Kievit Offc Pro
FileLength:248660
%EndFont

%BeginFont
Handler:WinTTHandler
FontType:TrueType
FontName:CascadiaCode-Regular
FamilyName:Cascadia Code
StyleName:Regular
MenuName:Cascadia Code
StyleBits:0
WeightClass:400
WidthClass:5
AngleClass:0
FullName:Cascadia Code Regular
WritingScript:Roman
WinName:Cascadia Code ExtraLight
FileLength:736136
%EndFont

%BeginFont
Handler:WinTTHandler
FontType:TrueType
FontName:CascadiaCode-Italic
FamilyName:Cascadia Code
StyleName:Italic
MenuName:Cascadia Code
StyleBits:1
WeightClass:400
WidthClass:5
AngleClass:1
FullName:Cascadia Code Italic
WritingScript:Roman
WinName:Cascadia Code ExtraLight Italic
FileLength:540828
%EndFont

%BeginFont
Handler:WinTTHandler
FontType:TrueType
FontName:CascadiaCode-Regular
FamilyName:Cascadia Code
StyleName:Regular
MenuName:Cascadia Code
StyleBits:0
WeightClass:400
WidthClass:5
AngleClass:0
FullName:Cascadia Code Regular
WritingScript:Roman
WinName:Cascadia Code Light
FileLength:736136
%EndFont

%BeginFont
Handler:WinTTHandler
FontType:TrueType
FontName:CascadiaCode-Italic
FamilyName:Cascadia Code
StyleName:Italic
MenuName:Cascadia Code
StyleBits:1
WeightClass:400
WidthClass:5
AngleClass:1
FullName:Cascadia Code Italic
WritingScript:Roman
WinName:Cascadia Code Light Italic
FileLength:540828
%EndFont

%BeginFont
Handler:WinTTHandler
FontType:TrueType
FontName:CascadiaCode-Regular
FamilyName:Cascadia Code
StyleName:Regular
MenuName:Cascadia Code
StyleBits:0
WeightClass:400
WidthClass:5
AngleClass:0
FullName:Cascadia Code Regular
WritingScript:Roman
WinName:Cascadia Code SemiLight
FileLength:736136
%EndFont

%BeginFont
Handler:WinTTHandler
FontType:TrueType
FontName:CascadiaCode-Italic
FamilyName:Cascadia Code
StyleName:Italic
MenuName:Cascadia Code
StyleBits:1
WeightClass:400
WidthClass:5
AngleClass:1
FullName:Cascadia Code Italic
WritingScript:Roman
WinName:Cascadia Code SemiLight Italic
FileLength:540828
%EndFont

%BeginFont
Handler:WinTTHandler
FontType:TrueType
FontName:CascadiaCode-Regular
FamilyName:Cascadia Code
StyleName:Regular
MenuName:Cascadia Code
StyleBits:0
WeightClass:400
WidthClass:5
AngleClass:0
FullName:Cascadia Code Regular
WritingScript:Roman
WinName:Cascadia Code Regular
FileLength:736136
%EndFont

%BeginFont
Handler:WinTTHandler
FontType:TrueType
FontName:CascadiaCode-Regular
FamilyName:Cascadia Code
StyleName:Regular
MenuName:Cascadia Code
StyleBits:0
WeightClass:400
WidthClass:5
AngleClass:0
FullName:Cascadia Code Regular
WritingScript:Roman
WinName:Cascadia Code Bold
FileLength:736136
%EndFont

%BeginFont
Handler:WinTTHandler
FontType:TrueType
FontName:CascadiaCode-Italic
FamilyName:Cascadia Code
StyleName:Italic
MenuName:Cascadia Code
StyleBits:1
WeightClass:400
WidthClass:5
AngleClass:1
FullName:Cascadia Code Italic
WritingScript:Roman
WinName:Cascadia Code Italic
FileLength:540828
%EndFont

%BeginFont
Handler:WinTTHandler
FontType:TrueType
FontName:CascadiaCode-Italic
FamilyName:Cascadia Code
StyleName:Italic
MenuName:Cascadia Code
StyleBits:1
WeightClass:400
WidthClass:5
AngleClass:1
FullName:Cascadia Code Italic
WritingScript:Roman
WinName:Cascadia Code Bold Italic
FileLength:540828
%EndFont

%BeginFont
Handler:WinTTHandler
FontType:TrueType
FontName:CascadiaCode-Regular
FamilyName:Cascadia Code
StyleName:Regular
MenuName:Cascadia Code
StyleBits:0
WeightClass:400
WidthClass:5
AngleClass:0
FullName:Cascadia Code Regular
WritingScript:Roman
WinName:Cascadia Code SemiBold
FileLength:736136
%EndFont

%BeginFont
Handler:WinTTHandler
FontType:TrueType
FontName:CascadiaCode-Italic
FamilyName:Cascadia Code
StyleName:Italic
MenuName:Cascadia Code
StyleBits:1
WeightClass:400
WidthClass:5
AngleClass:1
FullName:Cascadia Code Italic
WritingScript:Roman
WinName:Cascadia Code SemiBold Italic
FileLength:540828
%EndFont

%BeginFont
Handler:WinTTHandler
FontType:TrueType
FontName:CascadiaMono-Regular
FamilyName:Cascadia Mono
StyleName:Regular
MenuName:Cascadia Mono
StyleBits:0
WeightClass:400
WidthClass:5
AngleClass:0
FullName:Cascadia Mono Regular
WritingScript:Roman
WinName:Cascadia Mono ExtraLight
FileLength:714804
%EndFont

%BeginFont
Handler:WinTTHandler
FontType:TrueType
FontName:CascadiaMono-Italic
FamilyName:Cascadia Mono
StyleName:Italic
MenuName:Cascadia Mono
StyleBits:1
WeightClass:400
WidthClass:5
AngleClass:1
FullName:Cascadia Mono Italic
WritingScript:Roman
WinName:Cascadia Mono ExtraLight Italic
FileLength:524380
%EndFont

%BeginFont
Handler:WinTTHandler
FontType:TrueType
FontName:CascadiaMono-Regular
FamilyName:Cascadia Mono
StyleName:Regular
MenuName:Cascadia Mono
StyleBits:0
WeightClass:400
WidthClass:5
AngleClass:0
FullName:Cascadia Mono Regular
WritingScript:Roman
WinName:Cascadia Mono Light
FileLength:714804
%EndFont

%BeginFont
Handler:WinTTHandler
FontType:TrueType
FontName:CascadiaMono-Italic
FamilyName:Cascadia Mono
StyleName:Italic
MenuName:Cascadia Mono
StyleBits:1
WeightClass:400
WidthClass:5
AngleClass:1
FullName:Cascadia Mono Italic
WritingScript:Roman
WinName:Cascadia Mono Light Italic
FileLength:524380
%EndFont

%BeginFont
Handler:WinTTHandler
FontType:TrueType
FontName:CascadiaMono-Regular
FamilyName:Cascadia Mono
StyleName:Regular
MenuName:Cascadia Mono
StyleBits:0
WeightClass:400
WidthClass:5
AngleClass:0
FullName:Cascadia Mono Regular
WritingScript:Roman
WinName:Cascadia Mono SemiLight
FileLength:714804
%EndFont

%BeginFont
Handler:WinTTHandler
FontType:TrueType
FontName:CascadiaMono-Italic
FamilyName:Cascadia Mono
StyleName:Italic
MenuName:Cascadia Mono
StyleBits:1
WeightClass:400
WidthClass:5
AngleClass:1
FullName:Cascadia Mono Italic
WritingScript:Roman
WinName:Cascadia Mono SemiLight Italic
FileLength:524380
%EndFont

%BeginFont
Handler:WinTTHandler
FontType:TrueType
FontName:CascadiaMono-Regular
FamilyName:Cascadia Mono
StyleName:Regular
MenuName:Cascadia Mono
StyleBits:0
WeightClass:400
WidthClass:5
AngleClass:0
FullName:Cascadia Mono Regular
WritingScript:Roman
WinName:Cascadia Mono Regular
FileLength:714804
%EndFont

%BeginFont
Handler:WinTTHandler
FontType:TrueType
FontName:CascadiaMono-Regular
FamilyName:Cascadia Mono
StyleName:Regular
MenuName:Cascadia Mono
StyleBits:0
WeightClass:400
WidthClass:5
AngleClass:0
FullName:Cascadia Mono Regular
WritingScript:Roman
WinName:Cascadia Mono Bold
FileLength:714804
%EndFont

%BeginFont
Handler:WinTTHandler
FontType:TrueType
FontName:CascadiaMono-Italic
FamilyName:Cascadia Mono
StyleName:Italic
MenuName:Cascadia Mono
StyleBits:1
WeightClass:400
WidthClass:5
AngleClass:1
FullName:Cascadia Mono Italic
WritingScript:Roman
WinName:Cascadia Mono Italic
FileLength:524380
%EndFont

%BeginFont
Handler:WinTTHandler
FontType:TrueType
FontName:CascadiaMono-Italic
FamilyName:Cascadia Mono
StyleName:Italic
MenuName:Cascadia Mono
StyleBits:1
WeightClass:400
WidthClass:5
AngleClass:1
FullName:Cascadia Mono Italic
WritingScript:Roman
WinName:Cascadia Mono Bold Italic
FileLength:524380
%EndFont

%BeginFont
Handler:WinTTHandler
FontType:TrueType
FontName:CascadiaMono-Regular
FamilyName:Cascadia Mono
StyleName:Regular
MenuName:Cascadia Mono
StyleBits:0
WeightClass:400
WidthClass:5
AngleClass:0
FullName:Cascadia Mono Regular
WritingScript:Roman
WinName:Cascadia Mono SemiBold
FileLength:714804
%EndFont

%BeginFont
Handler:WinTTHandler
FontType:TrueType
FontName:CascadiaMono-Italic
FamilyName:Cascadia Mono
StyleName:Italic
MenuName:Cascadia Mono
StyleBits:1
WeightClass:400
WidthClass:5
AngleClass:1
FullName:Cascadia Mono Italic
WritingScript:Roman
WinName:Cascadia Mono SemiBold Italic
FileLength:524380
%EndFont

%BeginFont
Handler:WinTTHandler
FontType:TrueType
FontName:TitilliumWeb-Black
FamilyName:Titillium Web
StyleName:Black
MenuName:Titillium Web Black
StyleBits:0
WeightClass:900
WidthClass:5
AngleClass:0
FullName:Titillium Web Black
WritingScript:Roman
WinName:Titillium Web Black
FileLength:43664
%EndFont

%BeginFont
Handler:WinTTHandler
FontType:TrueType
FontName:TitilliumWeb-Regular
FamilyName:Titillium Web
StyleName:Regular
MenuName:Titillium Web
StyleBits:0
WeightClass:400
WidthClass:5
AngleClass:0
FullName:Titillium Web Regular
WritingScript:Roman
WinName:Titillium Web Regular
FileLength:57392
%EndFont

%BeginFont
Handler:WinTTHandler
FontType:TrueType
FontName:TitilliumWeb-Bold
FamilyName:Titillium Web
StyleName:Bold
MenuName:Titillium Web
StyleBits:2
WeightClass:700
WidthClass:5
AngleClass:0
FullName:Titillium Web Bold
WritingScript:Roman
WinName:Titillium Web Bold
FileLength:53896
%EndFont

%BeginFont
Handler:WinTTHandler
FontType:TrueType
FontName:TitilliumWeb-BoldItalic
FamilyName:Titillium Web
StyleName:Bold Italic
MenuName:Titillium Web
StyleBits:3
WeightClass:700
WidthClass:5
AngleClass:1
FullName:Titillium Web Bold Italic
WritingScript:Roman
WinName:Titillium Web Bold Italic
FileLength:62924
%EndFont

%BeginFont
Handler:WinTTHandler
FontType:TrueType
FontName:TitilliumWeb-Italic
FamilyName:Titillium Web
StyleName:Italic
MenuName:Titillium Web
StyleBits:1
WeightClass:400
WidthClass:5
AngleClass:1
FullName:Titillium Web Italic
WritingScript:Roman
WinName:Titillium Web Italic
FileLength:65284
%EndFont

%BeginFont
Handler:WinTTHandler
FontType:TrueType
FontName:TitilliumWeb-ExtraLight
FamilyName:Titillium Web
StyleName:ExtraLight
MenuName:Titillium Web ExtraLight
StyleBits:0
WeightClass:275
WidthClass:5
AngleClass:0
FullName:Titillium Web ExtraLight
WritingScript:Roman
WinName:Titillium Web ExtraLight
FileLength:56724
%EndFont

%BeginFont
Handler:WinTTHandler
FontType:TrueType
FontName:TitilliumWeb-ExtraLightItalic
FamilyName:Titillium Web
StyleName:ExtraLight Italic
MenuName:Titillium Web ExtraLight
StyleBits:1
WeightClass:275
WidthClass:5
AngleClass:1
FullName:Titillium Web ExtraLight Italic
WritingScript:Roman
WinName:Titillium Web ExtraLight Italic
FileLength:60848
%EndFont

%BeginFont
Handler:WinTTHandler
FontType:TrueType
FontName:TitilliumWeb-Light
FamilyName:Titillium Web
StyleName:Light
MenuName:Titillium Web Light
StyleBits:0
WeightClass:300
WidthClass:5
AngleClass:0
FullName:Titillium Web Light
WritingScript:Roman
WinName:Titillium Web Light
FileLength:57600
%EndFont

%BeginFont
Handler:WinTTHandler
FontType:TrueType
FontName:TitilliumWeb-LightItalic
FamilyName:Titillium Web
StyleName:Light Italic
MenuName:Titillium Web Light
StyleBits:1
WeightClass:300
WidthClass:5
AngleClass:1
FullName:Titillium Web Light Italic
WritingScript:Roman
WinName:Titillium Web Light Italic
FileLength:64560
%EndFont

%BeginFont
Handler:WinTTHandler
FontType:TrueType
FontName:TitilliumWeb-SemiBold
FamilyName:Titillium Web
StyleName:SemiBold
MenuName:Titillium Web SemiBold
StyleBits:0
WeightClass:600
WidthClass:5
AngleClass:0
FullName:Titillium Web SemiBold
WritingScript:Roman
WinName:Titillium Web SemiBold
FileLength:56752
%EndFont

%BeginFont
Handler:WinTTHandler
FontType:TrueType
FontName:TitilliumWeb-SemiBoldItalic
FamilyName:Titillium Web
StyleName:SemiBold Italic
MenuName:Titillium Web SemiBold
StyleBits:1
WeightClass:600
WidthClass:5
AngleClass:1
FullName:Titillium Web SemiBold Italic
WritingScript:Roman
WinName:Titillium Web SemiBold Italic
FileLength:64816
%EndFont

